2020-04-26 17:04:541 INFO  BrowserSelector :36 - Launching Chrome Browser
2020-04-26 17:04:127 INFO  HomePage :40 - Clicking on Accept Tab : [[ChromeDriver: chrome on WINDOWS (c3f515ab1f3d68c5a578cfc21503ff52)] -> xpath: //span[@class='button-text']]
2020-04-26 17:04:509 INFO  HomePage :46 - Clicking on Account Tab : [[ChromeDriver: chrome on WINDOWS (c3f515ab1f3d68c5a578cfc21503ff52)] -> xpath: //button[@id='header-account-menu']]
2020-04-26 17:04:177 INFO  HomePage :52 - Clicking on Sign In Tab : [[ChromeDriver: chrome on WINDOWS (c3f515ab1f3d68c5a578cfc21503ff52)] -> xpath: //button[@id='header-account-signin-button']]
2020-04-26 17:04:487 INFO  SignInPage :41 - Entering Email Id : JamesB1234@gmail.com [[ChromeDriver: chrome on WINDOWS (c3f515ab1f3d68c5a578cfc21503ff52)] -> id: gss-signin-email]
2020-04-26 17:04:67 INFO  SignInPage :48 - Entering Password  : James123 [[ChromeDriver: chrome on WINDOWS (c3f515ab1f3d68c5a578cfc21503ff52)] -> id: gss-signin-password]
2020-04-26 17:04:361 INFO  SignInPage :54 - Clicking on Sign In Button  : [[ChromeDriver: chrome on WINDOWS (c3f515ab1f3d68c5a578cfc21503ff52)] -> id: gss-signin-submit]
2020-04-26 17:04:771 INFO  SignInPage :59 - Verify My List Tab Message  : My Lists [[ChromeDriver: chrome on WINDOWS (c3f515ab1f3d68c5a578cfc21503ff52)] -> xpath: //span[@class='sp-name']]
2020-04-26 17:04:971 INFO  BrowserSelector :36 - Launching Chrome Browser
2020-04-26 17:04:390 INFO  HomePage :40 - Clicking on Accept Tab : [[ChromeDriver: chrome on WINDOWS (ac8471ca2aed10cc6d31c40d830e8c84)] -> xpath: //span[@class='button-text']]
2020-04-26 17:04:637 INFO  HomePage :46 - Clicking on Account Tab : [[ChromeDriver: chrome on WINDOWS (ac8471ca2aed10cc6d31c40d830e8c84)] -> xpath: //button[@id='header-account-menu']]
2020-04-26 17:04:414 INFO  HomePage :52 - Clicking on Sign In Tab : [[ChromeDriver: chrome on WINDOWS (ac8471ca2aed10cc6d31c40d830e8c84)] -> xpath: //button[@id='header-account-signin-button']]
2020-04-26 17:04:623 INFO  SignInPage :41 - Entering Email Id : JamesB1234@gmail.com [[ChromeDriver: chrome on WINDOWS (ac8471ca2aed10cc6d31c40d830e8c84)] -> id: gss-signin-email]
2020-04-26 17:04:263 INFO  SignInPage :48 - Entering Password  : James123 [[ChromeDriver: chrome on WINDOWS (ac8471ca2aed10cc6d31c40d830e8c84)] -> id: gss-signin-password]
2020-04-26 17:04:552 INFO  SignInPage :54 - Clicking on Sign In Button  : [[ChromeDriver: chrome on WINDOWS (ac8471ca2aed10cc6d31c40d830e8c84)] -> id: gss-signin-submit]
2020-04-26 17:04:33 INFO  SignInPage :59 - Verify My List Tab Message  : My Lists [[ChromeDriver: chrome on WINDOWS (ac8471ca2aed10cc6d31c40d830e8c84)] -> xpath: //span[@class='sp-name']]
2020-04-26 17:04:719 INFO  BrowserSelector :36 - Launching Chrome Browser
2020-04-26 17:04:181 INFO  HomePage :40 - Clicking on Accept Tab : [[ChromeDriver: chrome on WINDOWS (ba9dba5317f7138f21a80b77eb82068e)] -> xpath: //span[@class='button-text']]
2020-04-26 17:04:771 INFO  HomePage :46 - Clicking on Account Tab : [[ChromeDriver: chrome on WINDOWS (ba9dba5317f7138f21a80b77eb82068e)] -> xpath: //button[@id='header-account-menu']]
2020-04-26 17:04:412 INFO  HomePage :52 - Clicking on Sign In Tab : [[ChromeDriver: chrome on WINDOWS (ba9dba5317f7138f21a80b77eb82068e)] -> xpath: //button[@id='header-account-signin-button']]
2020-04-26 17:04:989 INFO  SignInPage :41 - Entering Email Id : RogerB1234@gmail.com [[ChromeDriver: chrome on WINDOWS (ba9dba5317f7138f21a80b77eb82068e)] -> id: gss-signin-email]
2020-04-26 17:04:427 INFO  SignInPage :48 - Entering Password  : James123 [[ChromeDriver: chrome on WINDOWS (ba9dba5317f7138f21a80b77eb82068e)] -> id: gss-signin-password]
2020-04-26 17:04:613 INFO  SignInPage :54 - Clicking on Sign In Button  : [[ChromeDriver: chrome on WINDOWS (ba9dba5317f7138f21a80b77eb82068e)] -> id: gss-signin-submit]
2020-04-26 17:04:913 INFO  SignInPage :67 - Verify Error Message  : You may have entered an unknown email address or an incorrect password [[ChromeDriver: chrome on WINDOWS (ba9dba5317f7138f21a80b77eb82068e)] -> id: gss-signin-incorrect-email-or-password]
2020-04-26 17:04:455 INFO  BrowserSelector :36 - Launching Chrome Browser
2020-04-26 17:04:639 INFO  HomePage :40 - Clicking on Accept Tab : [[ChromeDriver: chrome on WINDOWS (880a195cb2b0753dacb9241c5def5416)] -> xpath: //span[@class='button-text']]
2020-04-26 17:04:58 INFO  HomePage :46 - Clicking on Account Tab : [[ChromeDriver: chrome on WINDOWS (880a195cb2b0753dacb9241c5def5416)] -> xpath: //button[@id='header-account-menu']]
2020-04-26 17:04:757 INFO  HomePage :52 - Clicking on Sign In Tab : [[ChromeDriver: chrome on WINDOWS (880a195cb2b0753dacb9241c5def5416)] -> xpath: //button[@id='header-account-signin-button']]
2020-04-26 17:04:335 INFO  BrowserSelector :36 - Launching Chrome Browser
2020-04-26 17:04:97 INFO  HomePage :40 - Clicking on Accept Tab : [[ChromeDriver: chrome on WINDOWS (089a6bfc3b9fc5cb4df6be410666d8b2)] -> xpath: //span[@class='button-text']]
2020-04-26 17:04:865 INFO  HomePage :46 - Clicking on Account Tab : [[ChromeDriver: chrome on WINDOWS (089a6bfc3b9fc5cb4df6be410666d8b2)] -> xpath: //button[@id='header-account-menu']]
2020-04-26 17:04:742 INFO  HomePage :52 - Clicking on Sign In Tab : [[ChromeDriver: chrome on WINDOWS (089a6bfc3b9fc5cb4df6be410666d8b2)] -> xpath: //button[@id='header-account-signin-button']]
2020-04-26 17:04:160 INFO  SignInPage :41 - Entering Email Id : RogerB1234@gmail.com [[ChromeDriver: chrome on WINDOWS (089a6bfc3b9fc5cb4df6be410666d8b2)] -> id: gss-signin-email]
2020-04-26 17:04:940 INFO  SignInPage :48 - Entering Password  : James123 [[ChromeDriver: chrome on WINDOWS (089a6bfc3b9fc5cb4df6be410666d8b2)] -> id: gss-signin-password]
2020-04-26 17:04:254 INFO  SignInPage :54 - Clicking on Sign In Button  : [[ChromeDriver: chrome on WINDOWS (089a6bfc3b9fc5cb4df6be410666d8b2)] -> id: gss-signin-submit]
2020-04-26 17:04:676 INFO  SignInPage :67 - Verify Error Message  : You may have entered an unknown email address or an incorrect password [[ChromeDriver: chrome on WINDOWS (089a6bfc3b9fc5cb4df6be410666d8b2)] -> id: gss-signin-incorrect-email-or-password]
2020-04-26 17:04:821 INFO  BrowserSelector :36 - Launching Chrome Browser
2020-04-26 17:04:647 INFO  HomePage :40 - Clicking on Accept Tab : [[ChromeDriver: chrome on WINDOWS (e2b454413fa02c86e2d81fc038b761f3)] -> xpath: //span[@class='button-text']]
2020-04-26 17:04:87 INFO  HomePage :46 - Clicking on Account Tab : [[ChromeDriver: chrome on WINDOWS (e2b454413fa02c86e2d81fc038b761f3)] -> xpath: //button[@id='header-account-menu']]
2020-04-26 17:04:172 INFO  HomePage :52 - Clicking on Sign In Tab : [[ChromeDriver: chrome on WINDOWS (e2b454413fa02c86e2d81fc038b761f3)] -> xpath: //button[@id='header-account-signin-button']]
2020-04-26 17:04:573 INFO  SignInPage :41 - Entering Email Id : JamesB1234@gmail.com [[ChromeDriver: chrome on WINDOWS (e2b454413fa02c86e2d81fc038b761f3)] -> id: gss-signin-email]
2020-04-26 17:04:274 INFO  SignInPage :48 - Entering Password  : James123 [[ChromeDriver: chrome on WINDOWS (e2b454413fa02c86e2d81fc038b761f3)] -> id: gss-signin-password]
2020-04-26 17:04:545 INFO  SignInPage :54 - Clicking on Sign In Button  : [[ChromeDriver: chrome on WINDOWS (e2b454413fa02c86e2d81fc038b761f3)] -> id: gss-signin-submit]
2020-04-26 17:04:771 INFO  SignInPage :59 - Verify My List Tab Message  : My Lists [[ChromeDriver: chrome on WINDOWS (e2b454413fa02c86e2d81fc038b761f3)] -> xpath: //span[@class='sp-name']]
2020-04-26 17:04:215 INFO  BrowserSelector :36 - Launching Chrome Browser
2020-04-26 17:04:663 INFO  HomePage :40 - Clicking on Accept Tab : [[ChromeDriver: chrome on WINDOWS (1cab9503529a32295511f501ddd0dff4)] -> xpath: //span[@class='button-text']]
2020-04-26 17:04:59 INFO  HomePage :46 - Clicking on Account Tab : [[ChromeDriver: chrome on WINDOWS (1cab9503529a32295511f501ddd0dff4)] -> xpath: //button[@id='header-account-menu']]
2020-04-26 17:04:779 INFO  HomePage :52 - Clicking on Sign In Tab : [[ChromeDriver: chrome on WINDOWS (1cab9503529a32295511f501ddd0dff4)] -> xpath: //button[@id='header-account-signin-button']]
2020-04-26 17:04:482 INFO  SignInPage :41 - Entering Email Id : RogerB1234@gmail.com [[ChromeDriver: chrome on WINDOWS (1cab9503529a32295511f501ddd0dff4)] -> id: gss-signin-email]
2020-04-26 17:04:993 INFO  SignInPage :48 - Entering Password  : James123 [[ChromeDriver: chrome on WINDOWS (1cab9503529a32295511f501ddd0dff4)] -> id: gss-signin-password]
2020-04-26 17:04:359 INFO  SignInPage :54 - Clicking on Sign In Button  : [[ChromeDriver: chrome on WINDOWS (1cab9503529a32295511f501ddd0dff4)] -> id: gss-signin-submit]
2020-04-26 17:04:599 INFO  SignInPage :67 - Verify Error Message  : You may have entered an unknown email address or an incorrect password [[ChromeDriver: chrome on WINDOWS (1cab9503529a32295511f501ddd0dff4)] -> id: gss-signin-incorrect-email-or-password]
2020-04-26 18:04:300 INFO  BrowserSelector :36 - Launching Chrome Browser
2020-04-26 18:04:272 INFO  HomePage :40 - Clicking on Accept Tab : [[ChromeDriver: chrome on WINDOWS (d4cd370f1f650b8b3f8af68a5269bf6c)] -> xpath: //span[@class='button-text']]
2020-04-26 18:04:976 INFO  HomePage :58 - Clicking on Flights Tab : [[ChromeDriver: chrome on WINDOWS (d4cd370f1f650b8b3f8af68a5269bf6c)] -> xpath: //span[contains(text(),'Flights')]]
2020-04-26 18:04:11 INFO  FlightsPage :67 - Entering Departure date : London Departing Date [[ChromeDriver: chrome on WINDOWS (d4cd370f1f650b8b3f8af68a5269bf6c)] -> xpath: //input[@id='flight-departing-hp-flight']]
2020-04-26 18:04:43 INFO  FlightsPage :60 - Entering Destination City : Delhi On Destination field [[ChromeDriver: chrome on WINDOWS (d4cd370f1f650b8b3f8af68a5269bf6c)] -> xpath: //input[@id='flight-origin-hp-flight']]
2020-04-26 18:04:644 INFO  FlightsPage :67 - Entering Departure date : 07/08/2020 Departing Date [[ChromeDriver: chrome on WINDOWS (d4cd370f1f650b8b3f8af68a5269bf6c)] -> xpath: //input[@id='flight-departing-hp-flight']]
2020-04-26 18:04:06 INFO  FlightsPage :78 - Entering Returning date : 21/05/2020 Returning Date [[ChromeDriver: chrome on WINDOWS (d4cd370f1f650b8b3f8af68a5269bf6c)] -> xpath: //input[@id='flight-returning-hp-flight']]
2020-04-26 18:04:745 INFO  FlightsPage :85 - Clicking  on Travellers Button : [[ChromeDriver: chrome on WINDOWS (d4cd370f1f650b8b3f8af68a5269bf6c)] -> xpath: //div[@class='menu-bar gcw-travel-selector-wrapper']//button[@class='trigger-utility menu-trigger btn-utility btn-secondary dropdown-toggle theme-standard pin-left menu-arrow gcw-component gcw-traveler-amount-select gcw-component-initialized']]
2020-04-26 18:04:458 INFO  FlightsPage :93 - Clicking  on No of Adults Button  : Proxy element for: DefaultElementLocator 'By.xpath: //body[contains(@class,'')]/meso-native-marquee/section[@id='WizardHero']/div[@id='hero-banner']/div[contains(@class,'hero-banner-gradient native-marquee')]/div[contains(@class,'cols-row hero-banner-inner')]/section[@id='wizardSection']/div[contains(@class,'hero-banner-box siteId-3 cf hideClassicDcol')]/div[@id='wizard-tabs']/div[contains(@class,'tabs-container col')]/section[@id='section-flight-tab-hp']/form[@id='gcw-flights-form-hp-flight']/fieldset[contains(@class,'room-data')]/div[contains(@class,'cols-nested')]/div[contains(@class,'ab25184-traveler-wrapper-flight available-for-flights gcw-clear-both')]/div[@id='traveler-selector-hp-flight']/div[contains(@class,'menu-bar gcw-travel-selector-wrapper')]/ul[contains(@class,'menu-bar-inner')]/li[contains(@class,'open')]/div[contains(@class,'menu sticky gcw-menu')]/div[contains(@class,'menu-main')]/div[contains(@class,'traveler-selector-sinlge-room-data traveler-selector-room-data')]/div[contains(@class,'uitk-grid step-input-outside gcw-component gcw-component-step-input gcw-step-input gcw-component-initialized')]/div[contains(@class,'uitk-col all-col-shrink')]/button[contains(@class,'uitk-step-input-button uitk-step-input-plus')]/span[1]//*[local-name()='svg']'
2020-04-26 18:04:545 INFO  FlightsPage :94 - Clicking  on Close Button  : Proxy element for: DefaultElementLocator 'By.xpath: //li[contains(@class,'open')]//button[contains(@class,'close btn-text')]'
2020-04-26 18:04:334 INFO  FlightsPage :100 - Clicking  on Seacrch Button   : [[ChromeDriver: chrome on WINDOWS (d4cd370f1f650b8b3f8af68a5269bf6c)] -> xpath: //form[@id='gcw-flights-form-hp-flight']//button[contains(@class,'btn-primary btn-action gcw-submit')]]
2020-04-26 18:04:517 INFO  FlightsResultPage :27 - Verify Destination City Message  : Proxy element for: DefaultElementLocator 'By.xpath: //span[@class='title-city-text']'
2020-04-26 18:04:368 INFO  BrowserSelector :36 - Launching Chrome Browser
2020-04-26 18:04:414 INFO  HomePage :40 - Clicking on Accept Tab : [[ChromeDriver: chrome on WINDOWS (4325d4ea412bdba209556c8c45ee275d)] -> xpath: //span[@class='button-text']]
2020-04-26 18:04:102 INFO  HomePage :58 - Clicking on Flights Tab : [[ChromeDriver: chrome on WINDOWS (4325d4ea412bdba209556c8c45ee275d)] -> xpath: //span[contains(text(),'Flights')]]
2020-04-26 18:04:400 INFO  FlightsPage :54 - Entering Origin City : London On Flying from field [[ChromeDriver: chrome on WINDOWS (4325d4ea412bdba209556c8c45ee275d)] -> xpath: //input[@id='flight-origin-hp-flight']]
2020-04-26 18:04:490 INFO  FlightsPage :60 - Entering Destination City : Delhi On Destination field [[ChromeDriver: chrome on WINDOWS (4325d4ea412bdba209556c8c45ee275d)] -> xpath: //input[@id='flight-origin-hp-flight']]
2020-04-26 18:04:871 INFO  FlightsPage :67 - Entering Departure date : 07/08/2020 Departing Date [[ChromeDriver: chrome on WINDOWS (4325d4ea412bdba209556c8c45ee275d)] -> xpath: //input[@id='flight-departing-hp-flight']]
2020-04-26 18:04:481 INFO  FlightsPage :78 - Entering Returning date : 21/05/2020 Returning Date [[ChromeDriver: chrome on WINDOWS (4325d4ea412bdba209556c8c45ee275d)] -> xpath: //input[@id='flight-returning-hp-flight']]
2020-04-26 18:04:95 INFO  FlightsPage :85 - Clicking  on Travellers Button : [[ChromeDriver: chrome on WINDOWS (4325d4ea412bdba209556c8c45ee275d)] -> xpath: //div[@class='menu-bar gcw-travel-selector-wrapper']//button[@class='trigger-utility menu-trigger btn-utility btn-secondary dropdown-toggle theme-standard pin-left menu-arrow gcw-component gcw-traveler-amount-select gcw-component-initialized']]
2020-04-26 18:04:874 INFO  FlightsPage :93 - Clicking  on No of Adults Button  : Proxy element for: DefaultElementLocator 'By.xpath: //body[contains(@class,'')]/meso-native-marquee/section[@id='WizardHero']/div[@id='hero-banner']/div[contains(@class,'hero-banner-gradient native-marquee')]/div[contains(@class,'cols-row hero-banner-inner')]/section[@id='wizardSection']/div[contains(@class,'hero-banner-box siteId-3 cf hideClassicDcol')]/div[@id='wizard-tabs']/div[contains(@class,'tabs-container col')]/section[@id='section-flight-tab-hp']/form[@id='gcw-flights-form-hp-flight']/fieldset[contains(@class,'room-data')]/div[contains(@class,'cols-nested')]/div[contains(@class,'ab25184-traveler-wrapper-flight available-for-flights gcw-clear-both')]/div[@id='traveler-selector-hp-flight']/div[contains(@class,'menu-bar gcw-travel-selector-wrapper')]/ul[contains(@class,'menu-bar-inner')]/li[contains(@class,'open')]/div[contains(@class,'menu sticky gcw-menu')]/div[contains(@class,'menu-main')]/div[contains(@class,'traveler-selector-sinlge-room-data traveler-selector-room-data')]/div[contains(@class,'uitk-grid step-input-outside gcw-component gcw-component-step-input gcw-step-input gcw-component-initialized')]/div[contains(@class,'uitk-col all-col-shrink')]/button[contains(@class,'uitk-step-input-button uitk-step-input-plus')]/span[1]//*[local-name()='svg']'
2020-04-26 18:04:52 INFO  FlightsPage :94 - Clicking  on Close Button  : Proxy element for: DefaultElementLocator 'By.xpath: //li[contains(@class,'open')]//button[contains(@class,'close btn-text')]'
2020-04-26 18:04:267 INFO  FlightsPage :100 - Clicking  on Seacrch Button   : Proxy element for: DefaultElementLocator 'By.xpath: //form[@id='gcw-flights-form-hp-flight']//button[contains(@class,'btn-primary btn-action gcw-submit')]'
2020-04-26 18:04:469 INFO  FlightsResultPage :27 - Verify Destination City Message  : [[ChromeDriver: chrome on WINDOWS (4325d4ea412bdba209556c8c45ee275d)] -> xpath: //span[@class='title-city-text']]
2020-04-26 18:04:920 INFO  BrowserSelector :36 - Launching Chrome Browser
2020-04-26 18:04:97 INFO  HomePage :40 - Clicking on Accept Tab : [[ChromeDriver: chrome on WINDOWS (97588c24a1449bf56211b32b0afcb82c)] -> xpath: //span[@class='button-text']]
2020-04-26 18:04:992 INFO  HomePage :58 - Clicking on Flights Tab : [[ChromeDriver: chrome on WINDOWS (97588c24a1449bf56211b32b0afcb82c)] -> xpath: //span[contains(text(),'Flights')]]
2020-04-26 18:04:449 INFO  FlightsPage :54 - Entering Origin City : Washington On Flying from field [[ChromeDriver: chrome on WINDOWS (97588c24a1449bf56211b32b0afcb82c)] -> xpath: //input[@id='flight-origin-hp-flight']]
2020-04-26 18:04:85 INFO  FlightsPage :60 - Entering Destination City : Mount Gambier On Destination field [[ChromeDriver: chrome on WINDOWS (97588c24a1449bf56211b32b0afcb82c)] -> xpath: //input[@id='flight-origin-hp-flight']]
2020-04-26 18:04:204 INFO  FlightsPage :67 - Entering Departure date : 07/08/2020 Departing Date [[ChromeDriver: chrome on WINDOWS (97588c24a1449bf56211b32b0afcb82c)] -> xpath: //input[@id='flight-departing-hp-flight']]
2020-04-26 18:04:349 INFO  FlightsPage :78 - Entering Returning date : 21/08/2020 Returning Date [[ChromeDriver: chrome on WINDOWS (97588c24a1449bf56211b32b0afcb82c)] -> xpath: //input[@id='flight-returning-hp-flight']]
2020-04-26 18:04:737 INFO  FlightsPage :85 - Clicking  on Travellers Button : [[ChromeDriver: chrome on WINDOWS (97588c24a1449bf56211b32b0afcb82c)] -> xpath: //div[@class='menu-bar gcw-travel-selector-wrapper']//button[@class='trigger-utility menu-trigger btn-utility btn-secondary dropdown-toggle theme-standard pin-left menu-arrow gcw-component gcw-traveler-amount-select gcw-component-initialized']]
2020-04-26 18:04:437 INFO  FlightsPage :93 - Clicking  on No of Adults Button  : Proxy element for: DefaultElementLocator 'By.xpath: //body[contains(@class,'')]/meso-native-marquee/section[@id='WizardHero']/div[@id='hero-banner']/div[contains(@class,'hero-banner-gradient native-marquee')]/div[contains(@class,'cols-row hero-banner-inner')]/section[@id='wizardSection']/div[contains(@class,'hero-banner-box siteId-3 cf hideClassicDcol')]/div[@id='wizard-tabs']/div[contains(@class,'tabs-container col')]/section[@id='section-flight-tab-hp']/form[@id='gcw-flights-form-hp-flight']/fieldset[contains(@class,'room-data')]/div[contains(@class,'cols-nested')]/div[contains(@class,'ab25184-traveler-wrapper-flight available-for-flights gcw-clear-both')]/div[@id='traveler-selector-hp-flight']/div[contains(@class,'menu-bar gcw-travel-selector-wrapper')]/ul[contains(@class,'menu-bar-inner')]/li[contains(@class,'open')]/div[contains(@class,'menu sticky gcw-menu')]/div[contains(@class,'menu-main')]/div[contains(@class,'traveler-selector-sinlge-room-data traveler-selector-room-data')]/div[contains(@class,'uitk-grid step-input-outside gcw-component gcw-component-step-input gcw-step-input gcw-component-initialized')]/div[contains(@class,'uitk-col all-col-shrink')]/button[contains(@class,'uitk-step-input-button uitk-step-input-plus')]/span[1]//*[local-name()='svg']'
2020-04-26 18:04:482 INFO  FlightsPage :94 - Clicking  on Close Button  : Proxy element for: DefaultElementLocator 'By.xpath: //li[contains(@class,'open')]//button[contains(@class,'close btn-text')]'
2020-04-26 18:04:601 INFO  FlightsPage :100 - Clicking  on Seacrch Button   : Proxy element for: DefaultElementLocator 'By.xpath: //form[@id='gcw-flights-form-hp-flight']//button[contains(@class,'btn-primary btn-action gcw-submit')]'
2020-04-26 18:04:679 INFO  FlightsResultPage :37 - Verify Error Message  : [[ChromeDriver: chrome on WINDOWS (97588c24a1449bf56211b32b0afcb82c)] -> xpath: //div[@class='bold announce-able']]
2020-04-26 18:04:424 INFO  BrowserSelector :36 - Launching Chrome Browser
2020-04-26 18:04:445 INFO  HomePage :40 - Clicking on Accept Tab : [[ChromeDriver: chrome on WINDOWS (9fdb18f25a4e4d8750087ffea1228ab6)] -> xpath: //span[@class='button-text']]
2020-04-26 18:04:264 INFO  HomePage :58 - Clicking on Flights Tab : [[ChromeDriver: chrome on WINDOWS (9fdb18f25a4e4d8750087ffea1228ab6)] -> xpath: //span[contains(text(),'Flights')]]
2020-04-26 18:04:564 INFO  FlightsPage :54 - Entering Origin City : London On Flying from field [[ChromeDriver: chrome on WINDOWS (9fdb18f25a4e4d8750087ffea1228ab6)] -> xpath: //input[@id='flight-origin-hp-flight']]
2020-04-26 18:04:663 INFO  FlightsPage :60 - Entering Destination City : Delhi On Destination field [[ChromeDriver: chrome on WINDOWS (9fdb18f25a4e4d8750087ffea1228ab6)] -> xpath: //input[@id='flight-origin-hp-flight']]
2020-04-26 18:04:984 INFO  FlightsPage :67 - Entering Departure date : 07/08/2020 Departing Date [[ChromeDriver: chrome on WINDOWS (9fdb18f25a4e4d8750087ffea1228ab6)] -> xpath: //input[@id='flight-departing-hp-flight']]
2020-04-26 18:04:551 INFO  FlightsPage :78 - Entering Returning date : 21/08/2020 Returning Date [[ChromeDriver: chrome on WINDOWS (9fdb18f25a4e4d8750087ffea1228ab6)] -> xpath: //input[@id='flight-returning-hp-flight']]
2020-04-26 18:04:934 INFO  FlightsPage :85 - Clicking  on Travellers Button : [[ChromeDriver: chrome on WINDOWS (9fdb18f25a4e4d8750087ffea1228ab6)] -> xpath: //div[@class='menu-bar gcw-travel-selector-wrapper']//button[@class='trigger-utility menu-trigger btn-utility btn-secondary dropdown-toggle theme-standard pin-left menu-arrow gcw-component gcw-traveler-amount-select gcw-component-initialized']]
2020-04-26 18:04:662 INFO  FlightsPage :93 - Clicking  on No of Adults Button  : Proxy element for: DefaultElementLocator 'By.xpath: //body[contains(@class,'')]/meso-native-marquee/section[@id='WizardHero']/div[@id='hero-banner']/div[contains(@class,'hero-banner-gradient native-marquee')]/div[contains(@class,'cols-row hero-banner-inner')]/section[@id='wizardSection']/div[contains(@class,'hero-banner-box siteId-3 cf hideClassicDcol')]/div[@id='wizard-tabs']/div[contains(@class,'tabs-container col')]/section[@id='section-flight-tab-hp']/form[@id='gcw-flights-form-hp-flight']/fieldset[contains(@class,'room-data')]/div[contains(@class,'cols-nested')]/div[contains(@class,'ab25184-traveler-wrapper-flight available-for-flights gcw-clear-both')]/div[@id='traveler-selector-hp-flight']/div[contains(@class,'menu-bar gcw-travel-selector-wrapper')]/ul[contains(@class,'menu-bar-inner')]/li[contains(@class,'open')]/div[contains(@class,'menu sticky gcw-menu')]/div[contains(@class,'menu-main')]/div[contains(@class,'traveler-selector-sinlge-room-data traveler-selector-room-data')]/div[contains(@class,'uitk-grid step-input-outside gcw-component gcw-component-step-input gcw-step-input gcw-component-initialized')]/div[contains(@class,'uitk-col all-col-shrink')]/button[contains(@class,'uitk-step-input-button uitk-step-input-plus')]/span[1]//*[local-name()='svg']'
2020-04-26 18:04:691 INFO  FlightsPage :94 - Clicking  on Close Button  : Proxy element for: DefaultElementLocator 'By.xpath: //li[contains(@class,'open')]//button[contains(@class,'close btn-text')]'
2020-04-26 18:04:108 INFO  FlightsPage :100 - Clicking  on Seacrch Button   : Proxy element for: DefaultElementLocator 'By.xpath: //form[@id='gcw-flights-form-hp-flight']//button[contains(@class,'btn-primary btn-action gcw-submit')]'
2020-04-26 18:04:896 INFO  FlightsResultPage :30 - Verify Destination City Message  : [[ChromeDriver: chrome on WINDOWS (9fdb18f25a4e4d8750087ffea1228ab6)] -> xpath: //span[@class='title-city-text']]
2020-04-26 18:04:531 INFO  BrowserSelector :36 - Launching Chrome Browser
2020-04-26 18:04:943 INFO  HomePage :40 - Clicking on Accept Tab : [[ChromeDriver: chrome on WINDOWS (fb08ad3851bb6cc78847f861827c82e6)] -> xpath: //span[@class='button-text']]
2020-04-26 18:04:818 INFO  HomePage :58 - Clicking on Flights Tab : [[ChromeDriver: chrome on WINDOWS (fb08ad3851bb6cc78847f861827c82e6)] -> xpath: //span[contains(text(),'Flights')]]
2020-04-26 18:04:250 INFO  FlightsPage :54 - Entering Origin City : Washington On Flying from field [[ChromeDriver: chrome on WINDOWS (fb08ad3851bb6cc78847f861827c82e6)] -> xpath: //input[@id='flight-origin-hp-flight']]
2020-04-26 18:04:649 INFO  FlightsPage :60 - Entering Destination City : Mount Gambier On Destination field [[ChromeDriver: chrome on WINDOWS (fb08ad3851bb6cc78847f861827c82e6)] -> xpath: //input[@id='flight-origin-hp-flight']]
2020-04-26 18:04:793 INFO  FlightsPage :67 - Entering Departure date : 07/08/2020 Departing Date [[ChromeDriver: chrome on WINDOWS (fb08ad3851bb6cc78847f861827c82e6)] -> xpath: //input[@id='flight-departing-hp-flight']]
2020-04-26 18:04:926 INFO  FlightsPage :78 - Entering Returning date : 21/08/2020 Returning Date [[ChromeDriver: chrome on WINDOWS (fb08ad3851bb6cc78847f861827c82e6)] -> xpath: //input[@id='flight-returning-hp-flight']]
2020-04-26 18:04:318 INFO  FlightsPage :85 - Clicking  on Travellers Button : [[ChromeDriver: chrome on WINDOWS (fb08ad3851bb6cc78847f861827c82e6)] -> xpath: //div[@class='menu-bar gcw-travel-selector-wrapper']//button[@class='trigger-utility menu-trigger btn-utility btn-secondary dropdown-toggle theme-standard pin-left menu-arrow gcw-component gcw-traveler-amount-select gcw-component-initialized']]
2020-04-26 18:04:53 INFO  FlightsPage :93 - Clicking  on No of Adults Button  : Proxy element for: DefaultElementLocator 'By.xpath: //body[contains(@class,'')]/meso-native-marquee/section[@id='WizardHero']/div[@id='hero-banner']/div[contains(@class,'hero-banner-gradient native-marquee')]/div[contains(@class,'cols-row hero-banner-inner')]/section[@id='wizardSection']/div[contains(@class,'hero-banner-box siteId-3 cf hideClassicDcol')]/div[@id='wizard-tabs']/div[contains(@class,'tabs-container col')]/section[@id='section-flight-tab-hp']/form[@id='gcw-flights-form-hp-flight']/fieldset[contains(@class,'room-data')]/div[contains(@class,'cols-nested')]/div[contains(@class,'ab25184-traveler-wrapper-flight available-for-flights gcw-clear-both')]/div[@id='traveler-selector-hp-flight']/div[contains(@class,'menu-bar gcw-travel-selector-wrapper')]/ul[contains(@class,'menu-bar-inner')]/li[contains(@class,'open')]/div[contains(@class,'menu sticky gcw-menu')]/div[contains(@class,'menu-main')]/div[contains(@class,'traveler-selector-sinlge-room-data traveler-selector-room-data')]/div[contains(@class,'uitk-grid step-input-outside gcw-component gcw-component-step-input gcw-step-input gcw-component-initialized')]/div[contains(@class,'uitk-col all-col-shrink')]/button[contains(@class,'uitk-step-input-button uitk-step-input-plus')]/span[1]//*[local-name()='svg']'
2020-04-26 18:04:135 INFO  FlightsPage :94 - Clicking  on Close Button  : Proxy element for: DefaultElementLocator 'By.xpath: //li[contains(@class,'open')]//button[contains(@class,'close btn-text')]'
2020-04-26 18:04:750 INFO  FlightsPage :100 - Clicking  on Seacrch Button   : Proxy element for: DefaultElementLocator 'By.xpath: //form[@id='gcw-flights-form-hp-flight']//button[contains(@class,'btn-primary btn-action gcw-submit')]'
2020-04-26 18:04:829 INFO  FlightsResultPage :37 - Verify Error Message  : [[ChromeDriver: chrome on WINDOWS (fb08ad3851bb6cc78847f861827c82e6)] -> xpath: //div[@class='bold announce-able']]
2020-04-26 18:04:408 INFO  BrowserSelector :36 - Launching Chrome Browser
2020-04-26 18:04:500 INFO  HomePage :40 - Clicking on Accept Tab : [[ChromeDriver: chrome on WINDOWS (629167dd1b6acd6c20d1a08fae733dd4)] -> xpath: //span[@class='button-text']]
2020-04-26 18:04:340 INFO  HomePage :46 - Clicking on Account Tab : [[ChromeDriver: chrome on WINDOWS (629167dd1b6acd6c20d1a08fae733dd4)] -> xpath: //button[@id='header-account-menu']]
2020-04-26 18:04:253 INFO  HomePage :52 - Clicking on Sign In Tab : [[ChromeDriver: chrome on WINDOWS (629167dd1b6acd6c20d1a08fae733dd4)] -> xpath: //button[@id='header-account-signin-button']]
2020-04-26 18:04:256 INFO  SignInPage :41 - Entering Email Id : JamesB1234@gmail.com [[ChromeDriver: chrome on WINDOWS (629167dd1b6acd6c20d1a08fae733dd4)] -> id: gss-signin-email]
2020-04-26 18:04:950 INFO  SignInPage :48 - Entering Password  : James123 [[ChromeDriver: chrome on WINDOWS (629167dd1b6acd6c20d1a08fae733dd4)] -> id: gss-signin-password]
2020-04-26 18:04:247 INFO  SignInPage :54 - Clicking on Sign In Button  : [[ChromeDriver: chrome on WINDOWS (629167dd1b6acd6c20d1a08fae733dd4)] -> id: gss-signin-submit]
2020-04-26 18:04:482 INFO  SignInPage :59 - Verify My List Tab Message  : My Lists [[ChromeDriver: chrome on WINDOWS (629167dd1b6acd6c20d1a08fae733dd4)] -> xpath: //span[@class='sp-name']]
2020-04-26 18:04:844 INFO  BrowserSelector :36 - Launching Chrome Browser
2020-04-26 18:04:445 INFO  HomePage :40 - Clicking on Accept Tab : [[ChromeDriver: chrome on WINDOWS (9e1da19ede2275eccf86a765d5f5f7ed)] -> xpath: //span[@class='button-text']]
2020-04-26 18:04:896 INFO  HomePage :46 - Clicking on Account Tab : [[ChromeDriver: chrome on WINDOWS (9e1da19ede2275eccf86a765d5f5f7ed)] -> xpath: //button[@id='header-account-menu']]
2020-04-26 18:04:750 INFO  HomePage :52 - Clicking on Sign In Tab : [[ChromeDriver: chrome on WINDOWS (9e1da19ede2275eccf86a765d5f5f7ed)] -> xpath: //button[@id='header-account-signin-button']]
2020-04-26 18:04:132 INFO  SignInPage :41 - Entering Email Id : RogerB1234@gmail.com [[ChromeDriver: chrome on WINDOWS (9e1da19ede2275eccf86a765d5f5f7ed)] -> id: gss-signin-email]
2020-04-26 18:04:862 INFO  SignInPage :48 - Entering Password  : Roger123 [[ChromeDriver: chrome on WINDOWS (9e1da19ede2275eccf86a765d5f5f7ed)] -> id: gss-signin-password]
2020-04-26 18:04:166 INFO  SignInPage :54 - Clicking on Sign In Button  : [[ChromeDriver: chrome on WINDOWS (9e1da19ede2275eccf86a765d5f5f7ed)] -> id: gss-signin-submit]
2020-04-26 18:04:332 INFO  SignInPage :67 - Verify Error Message  : You may have entered an unknown email address or an incorrect password [[ChromeDriver: chrome on WINDOWS (9e1da19ede2275eccf86a765d5f5f7ed)] -> id: gss-signin-incorrect-email-or-password]
2020-04-26 21:04:39 INFO  BrowserSelector :36 - Launching Chrome Browser
2020-04-26 21:04:764 INFO  HomePage :40 - Clicking on Accept Tab : [[ChromeDriver: chrome on WINDOWS (8042d57618ab1bc17d7bd8a983800b02)] -> xpath: //span[@class='button-text']]
2020-04-26 21:04:336 INFO  HomePage :46 - Clicking on Account Tab : [[ChromeDriver: chrome on WINDOWS (8042d57618ab1bc17d7bd8a983800b02)] -> xpath: //button[@id='header-account-menu']]
2020-04-26 21:04:772 INFO  HomePage :52 - Clicking on Sign In Tab : [[ChromeDriver: chrome on WINDOWS (8042d57618ab1bc17d7bd8a983800b02)] -> xpath: //button[@id='header-account-signin-button']]
2020-04-26 21:04:40 INFO  SignInPage :45 - Entering Email Id : JamesB1234@gmail.com [[ChromeDriver: chrome on WINDOWS (8042d57618ab1bc17d7bd8a983800b02)] -> id: gss-signin-email]
2020-04-26 21:04:719 INFO  SignInPage :52 - Entering Password  : James123 [[ChromeDriver: chrome on WINDOWS (8042d57618ab1bc17d7bd8a983800b02)] -> id: gss-signin-password]
2020-04-26 21:04:73 INFO  SignInPage :58 - Clicking on Sign In Button  : [[ChromeDriver: chrome on WINDOWS (8042d57618ab1bc17d7bd8a983800b02)] -> id: gss-signin-submit]
2020-04-26 21:04:741 INFO  SignInPage :71 - Verify Hello Message  :  [[ChromeDriver: chrome on WINDOWS (8042d57618ab1bc17d7bd8a983800b02)] -> xpath: //button[@id='header-account-menu-signed-in']]
2020-04-26 21:04:279 INFO  BrowserSelector :36 - Launching Chrome Browser
2020-04-26 21:04:734 INFO  HomePage :40 - Clicking on Accept Tab : [[ChromeDriver: chrome on WINDOWS (d1ae0435c110fff24ea4486e5acbfc27)] -> xpath: //span[@class='button-text']]
2020-04-26 21:04:242 INFO  HomePage :46 - Clicking on Account Tab : [[ChromeDriver: chrome on WINDOWS (d1ae0435c110fff24ea4486e5acbfc27)] -> xpath: //button[@id='header-account-menu']]
2020-04-26 21:04:289 INFO  HomePage :52 - Clicking on Sign In Tab : [[ChromeDriver: chrome on WINDOWS (d1ae0435c110fff24ea4486e5acbfc27)] -> xpath: //button[@id='header-account-signin-button']]
2020-04-26 21:04:784 INFO  SignInPage :45 - Entering Email Id : JamesB1234@gmail.com [[ChromeDriver: chrome on WINDOWS (d1ae0435c110fff24ea4486e5acbfc27)] -> id: gss-signin-email]
2020-04-26 21:04:586 INFO  SignInPage :52 - Entering Password  : James123 [[ChromeDriver: chrome on WINDOWS (d1ae0435c110fff24ea4486e5acbfc27)] -> id: gss-signin-password]
2020-04-26 21:04:954 INFO  SignInPage :58 - Clicking on Sign In Button  : [[ChromeDriver: chrome on WINDOWS (d1ae0435c110fff24ea4486e5acbfc27)] -> id: gss-signin-submit]
2020-04-26 21:04:354 INFO  SignInPage :71 - Verify Hello Message  :  [[ChromeDriver: chrome on WINDOWS (d1ae0435c110fff24ea4486e5acbfc27)] -> xpath: //button[@id='header-account-menu-signed-in']]
2020-04-26 21:04:797 INFO  BrowserSelector :36 - Launching Chrome Browser
2020-04-26 21:04:444 INFO  HomePage :40 - Clicking on Accept Tab : [[ChromeDriver: chrome on WINDOWS (3e2cf072bb1c4d17e16555e3218880a8)] -> xpath: //span[@class='button-text']]
2020-04-26 21:04:176 INFO  HomePage :46 - Clicking on Account Tab : [[ChromeDriver: chrome on WINDOWS (3e2cf072bb1c4d17e16555e3218880a8)] -> xpath: //button[@id='header-account-menu']]
2020-04-26 21:04:594 INFO  HomePage :52 - Clicking on Sign In Tab : [[ChromeDriver: chrome on WINDOWS (3e2cf072bb1c4d17e16555e3218880a8)] -> xpath: //button[@id='header-account-signin-button']]
2020-04-26 21:04:112 INFO  SignInPage :45 - Entering Email Id : JamesB1234@gmail.com [[ChromeDriver: chrome on WINDOWS (3e2cf072bb1c4d17e16555e3218880a8)] -> id: gss-signin-email]
2020-04-26 21:04:56 INFO  SignInPage :52 - Entering Password  : James123 [[ChromeDriver: chrome on WINDOWS (3e2cf072bb1c4d17e16555e3218880a8)] -> id: gss-signin-password]
2020-04-26 21:04:897 INFO  SignInPage :58 - Clicking on Sign In Button  : [[ChromeDriver: chrome on WINDOWS (3e2cf072bb1c4d17e16555e3218880a8)] -> id: gss-signin-submit]
2020-04-26 21:04:171 INFO  SignInPage :63 - Verify My List Tab Message  : My Lists [[ChromeDriver: chrome on WINDOWS (3e2cf072bb1c4d17e16555e3218880a8)] -> xpath: //span[@class='sp-name']]
2020-04-29 01:04:285 INFO  BrowserSelector :36 - Launching Chrome Browser
2020-04-29 01:04:221 INFO  HomePage :40 - Clicking on Accept Tab : [[ChromeDriver: chrome on WINDOWS (3d5cba7077edb2827e306c549444ee04)] -> xpath: //span[@class='button-text']]
2020-04-29 01:04:803 INFO  HomePage :58 - Clicking on Flights Tab : [[ChromeDriver: chrome on WINDOWS (3d5cba7077edb2827e306c549444ee04)] -> xpath: //span[contains(text(),'Flights')]]
2020-04-29 01:04:438 INFO  FlightsPage :54 - Entering Origin City : London On Flying from field [[ChromeDriver: chrome on WINDOWS (3d5cba7077edb2827e306c549444ee04)] -> xpath: //input[@id='flight-origin-hp-flight']]
2020-04-29 01:04:329 INFO  FlightsPage :60 - Entering Destination City : Delhi On Destination field [[ChromeDriver: chrome on WINDOWS (3d5cba7077edb2827e306c549444ee04)] -> xpath: //input[@id='flight-origin-hp-flight']]
2020-04-29 01:04:368 INFO  FlightsPage :67 - Entering Departure date : 07/08/2020 Departing Date [[ChromeDriver: chrome on WINDOWS (3d5cba7077edb2827e306c549444ee04)] -> xpath: //input[@id='flight-departing-hp-flight']]
2020-04-29 01:04:118 INFO  FlightsPage :78 - Entering Returning date : 21/08/2020 Returning Date [[ChromeDriver: chrome on WINDOWS (3d5cba7077edb2827e306c549444ee04)] -> xpath: //input[@id='flight-returning-hp-flight']]
2020-04-29 01:04:476 INFO  FlightsPage :85 - Clicking  on Travellers Button : [[ChromeDriver: chrome on WINDOWS (3d5cba7077edb2827e306c549444ee04)] -> xpath: //div[@class='menu-bar gcw-travel-selector-wrapper']//button[@class='trigger-utility menu-trigger btn-utility btn-secondary dropdown-toggle theme-standard pin-left menu-arrow gcw-component gcw-traveler-amount-select gcw-component-initialized']]
2020-04-29 01:04:160 INFO  FlightsPage :93 - Clicking  on No of Adults Button  : Proxy element for: DefaultElementLocator 'By.xpath: //body[contains(@class,'')]/meso-native-marquee/section[@id='WizardHero']/div[@id='hero-banner']/div[contains(@class,'hero-banner-gradient native-marquee')]/div[contains(@class,'cols-row hero-banner-inner')]/section[@id='wizardSection']/div[contains(@class,'hero-banner-box siteId-3 cf hideClassicDcol')]/div[@id='wizard-tabs']/div[contains(@class,'tabs-container col')]/section[@id='section-flight-tab-hp']/form[@id='gcw-flights-form-hp-flight']/fieldset[contains(@class,'room-data')]/div[contains(@class,'cols-nested')]/div[contains(@class,'ab25184-traveler-wrapper-flight available-for-flights gcw-clear-both')]/div[@id='traveler-selector-hp-flight']/div[contains(@class,'menu-bar gcw-travel-selector-wrapper')]/ul[contains(@class,'menu-bar-inner')]/li[contains(@class,'open')]/div[contains(@class,'menu sticky gcw-menu')]/div[contains(@class,'menu-main')]/div[contains(@class,'traveler-selector-sinlge-room-data traveler-selector-room-data')]/div[contains(@class,'uitk-grid step-input-outside gcw-component gcw-component-step-input gcw-step-input gcw-component-initialized')]/div[contains(@class,'uitk-col all-col-shrink')]/button[contains(@class,'uitk-step-input-button uitk-step-input-plus')]/span[1]//*[local-name()='svg']'
2020-04-29 01:04:190 INFO  FlightsPage :94 - Clicking  on Close Button  : Proxy element for: DefaultElementLocator 'By.xpath: //li[contains(@class,'open')]//button[contains(@class,'close btn-text')]'
2020-04-29 01:04:862 INFO  FlightsPage :100 - Clicking  on Seacrch Button   : Proxy element for: DefaultElementLocator 'By.xpath: //form[@id='gcw-flights-form-hp-flight']//button[contains(@class,'btn-primary btn-action gcw-submit')]'
2020-04-29 01:04:73 INFO  FlightsResultPage :30 - Verify Destination City Message  : [[ChromeDriver: chrome on WINDOWS (3d5cba7077edb2827e306c549444ee04)] -> xpath: //span[@class='title-city-text']]
2020-04-29 01:04:648 INFO  BrowserSelector :36 - Launching Chrome Browser
2020-04-29 01:04:545 INFO  HomePage :40 - Clicking on Accept Tab : [[ChromeDriver: chrome on WINDOWS (51b7e4ed0aad76c0d64c18e19f147e84)] -> xpath: //span[@class='button-text']]
2020-04-29 01:04:604 INFO  HomePage :58 - Clicking on Flights Tab : [[ChromeDriver: chrome on WINDOWS (51b7e4ed0aad76c0d64c18e19f147e84)] -> xpath: //span[contains(text(),'Flights')]]
2020-04-29 01:04:837 INFO  FlightsPage :54 - Entering Origin City : Delhi On Flying from field [[ChromeDriver: chrome on WINDOWS (51b7e4ed0aad76c0d64c18e19f147e84)] -> xpath: //input[@id='flight-origin-hp-flight']]
2020-04-29 01:04:869 INFO  FlightsPage :60 - Entering Destination City : Manchester On Destination field [[ChromeDriver: chrome on WINDOWS (51b7e4ed0aad76c0d64c18e19f147e84)] -> xpath: //input[@id='flight-origin-hp-flight']]
2020-04-29 01:04:752 INFO  FlightsPage :67 - Entering Departure date : 15/10/2020 Departing Date [[ChromeDriver: chrome on WINDOWS (51b7e4ed0aad76c0d64c18e19f147e84)] -> xpath: //input[@id='flight-departing-hp-flight']]
2020-04-29 01:04:199 INFO  FlightsPage :78 - Entering Returning date : 12/12/2020 Returning Date [[ChromeDriver: chrome on WINDOWS (51b7e4ed0aad76c0d64c18e19f147e84)] -> xpath: //input[@id='flight-returning-hp-flight']]
2020-04-29 01:04:505 INFO  FlightsPage :85 - Clicking  on Travellers Button : [[ChromeDriver: chrome on WINDOWS (51b7e4ed0aad76c0d64c18e19f147e84)] -> xpath: //div[@class='menu-bar gcw-travel-selector-wrapper']//button[@class='trigger-utility menu-trigger btn-utility btn-secondary dropdown-toggle theme-standard pin-left menu-arrow gcw-component gcw-traveler-amount-select gcw-component-initialized']]
2020-04-29 01:04:143 INFO  FlightsPage :93 - Clicking  on No of Adults Button  : Proxy element for: DefaultElementLocator 'By.xpath: //body[contains(@class,'')]/meso-native-marquee/section[@id='WizardHero']/div[@id='hero-banner']/div[contains(@class,'hero-banner-gradient native-marquee')]/div[contains(@class,'cols-row hero-banner-inner')]/section[@id='wizardSection']/div[contains(@class,'hero-banner-box siteId-3 cf hideClassicDcol')]/div[@id='wizard-tabs']/div[contains(@class,'tabs-container col')]/section[@id='section-flight-tab-hp']/form[@id='gcw-flights-form-hp-flight']/fieldset[contains(@class,'room-data')]/div[contains(@class,'cols-nested')]/div[contains(@class,'ab25184-traveler-wrapper-flight available-for-flights gcw-clear-both')]/div[@id='traveler-selector-hp-flight']/div[contains(@class,'menu-bar gcw-travel-selector-wrapper')]/ul[contains(@class,'menu-bar-inner')]/li[contains(@class,'open')]/div[contains(@class,'menu sticky gcw-menu')]/div[contains(@class,'menu-main')]/div[contains(@class,'traveler-selector-sinlge-room-data traveler-selector-room-data')]/div[contains(@class,'uitk-grid step-input-outside gcw-component gcw-component-step-input gcw-step-input gcw-component-initialized')]/div[contains(@class,'uitk-col all-col-shrink')]/button[contains(@class,'uitk-step-input-button uitk-step-input-plus')]/span[1]//*[local-name()='svg']'
2020-04-29 01:04:200 INFO  FlightsPage :94 - Clicking  on Close Button  : Proxy element for: DefaultElementLocator 'By.xpath: //li[contains(@class,'open')]//button[contains(@class,'close btn-text')]'
2020-04-29 01:04:216 INFO  FlightsPage :100 - Clicking  on Seacrch Button   : Proxy element for: DefaultElementLocator 'By.xpath: //form[@id='gcw-flights-form-hp-flight']//button[contains(@class,'btn-primary btn-action gcw-submit')]'
2020-04-29 01:04:296 INFO  FlightsResultPage :30 - Verify Destination City Message  : [[ChromeDriver: chrome on WINDOWS (51b7e4ed0aad76c0d64c18e19f147e84)] -> xpath: //span[@class='title-city-text']]
2020-04-29 01:04:746 INFO  BrowserSelector :36 - Launching Chrome Browser
2020-04-29 01:04:638 INFO  HomePage :40 - Clicking on Accept Tab : [[ChromeDriver: chrome on WINDOWS (0710fae559f0da7c702024d104372242)] -> xpath: //span[@class='button-text']]
2020-04-29 01:04:617 INFO  HomePage :58 - Clicking on Flights Tab : [[ChromeDriver: chrome on WINDOWS (0710fae559f0da7c702024d104372242)] -> xpath: //span[contains(text(),'Flights')]]
2020-04-29 01:04:298 INFO  FlightsPage :54 - Entering Origin City : New York On Flying from field [[ChromeDriver: chrome on WINDOWS (0710fae559f0da7c702024d104372242)] -> xpath: //input[@id='flight-origin-hp-flight']]
2020-04-29 01:04:33 INFO  FlightsPage :60 - Entering Destination City : London On Destination field [[ChromeDriver: chrome on WINDOWS (0710fae559f0da7c702024d104372242)] -> xpath: //input[@id='flight-origin-hp-flight']]
2020-04-29 01:04:263 INFO  FlightsPage :67 - Entering Departure date : 20/10/2020 Departing Date [[ChromeDriver: chrome on WINDOWS (0710fae559f0da7c702024d104372242)] -> xpath: //input[@id='flight-departing-hp-flight']]
2020-04-29 01:04:190 INFO  FlightsPage :78 - Entering Returning date : 22/11/2020 Returning Date [[ChromeDriver: chrome on WINDOWS (0710fae559f0da7c702024d104372242)] -> xpath: //input[@id='flight-returning-hp-flight']]
2020-04-29 01:04:576 INFO  FlightsPage :85 - Clicking  on Travellers Button : [[ChromeDriver: chrome on WINDOWS (0710fae559f0da7c702024d104372242)] -> xpath: //div[@class='menu-bar gcw-travel-selector-wrapper']//button[@class='trigger-utility menu-trigger btn-utility btn-secondary dropdown-toggle theme-standard pin-left menu-arrow gcw-component gcw-traveler-amount-select gcw-component-initialized']]
2020-04-29 01:04:142 INFO  FlightsPage :93 - Clicking  on No of Adults Button  : Proxy element for: DefaultElementLocator 'By.xpath: //body[contains(@class,'')]/meso-native-marquee/section[@id='WizardHero']/div[@id='hero-banner']/div[contains(@class,'hero-banner-gradient native-marquee')]/div[contains(@class,'cols-row hero-banner-inner')]/section[@id='wizardSection']/div[contains(@class,'hero-banner-box siteId-3 cf hideClassicDcol')]/div[@id='wizard-tabs']/div[contains(@class,'tabs-container col')]/section[@id='section-flight-tab-hp']/form[@id='gcw-flights-form-hp-flight']/fieldset[contains(@class,'room-data')]/div[contains(@class,'cols-nested')]/div[contains(@class,'ab25184-traveler-wrapper-flight available-for-flights gcw-clear-both')]/div[@id='traveler-selector-hp-flight']/div[contains(@class,'menu-bar gcw-travel-selector-wrapper')]/ul[contains(@class,'menu-bar-inner')]/li[contains(@class,'open')]/div[contains(@class,'menu sticky gcw-menu')]/div[contains(@class,'menu-main')]/div[contains(@class,'traveler-selector-sinlge-room-data traveler-selector-room-data')]/div[contains(@class,'uitk-grid step-input-outside gcw-component gcw-component-step-input gcw-step-input gcw-component-initialized')]/div[contains(@class,'uitk-col all-col-shrink')]/button[contains(@class,'uitk-step-input-button uitk-step-input-plus')]/span[1]//*[local-name()='svg']'
2020-04-29 01:04:163 INFO  FlightsPage :94 - Clicking  on Close Button  : Proxy element for: DefaultElementLocator 'By.xpath: //li[contains(@class,'open')]//button[contains(@class,'close btn-text')]'
2020-04-29 01:04:342 INFO  FlightsPage :100 - Clicking  on Seacrch Button   : Proxy element for: DefaultElementLocator 'By.xpath: //form[@id='gcw-flights-form-hp-flight']//button[contains(@class,'btn-primary btn-action gcw-submit')]'
2020-04-29 01:04:536 INFO  FlightsResultPage :30 - Verify Destination City Message  : [[ChromeDriver: chrome on WINDOWS (0710fae559f0da7c702024d104372242)] -> xpath: //span[@class='title-city-text']]
2020-04-29 01:04:250 INFO  BrowserSelector :36 - Launching Chrome Browser
2020-04-29 01:04:240 INFO  HomePage :40 - Clicking on Accept Tab : [[ChromeDriver: chrome on WINDOWS (eaf36b6bc3471fc47ad6de90f3b07f54)] -> xpath: //span[@class='button-text']]
2020-04-29 01:04:243 INFO  HomePage :58 - Clicking on Flights Tab : [[ChromeDriver: chrome on WINDOWS (eaf36b6bc3471fc47ad6de90f3b07f54)] -> xpath: //span[contains(text(),'Flights')]]
2020-04-29 01:04:335 INFO  FlightsPage :54 - Entering Origin City : London On Flying from field [[ChromeDriver: chrome on WINDOWS (eaf36b6bc3471fc47ad6de90f3b07f54)] -> xpath: //input[@id='flight-origin-hp-flight']]
2020-04-29 01:04:52 INFO  FlightsPage :60 - Entering Destination City : Delhi On Destination field [[ChromeDriver: chrome on WINDOWS (eaf36b6bc3471fc47ad6de90f3b07f54)] -> xpath: //input[@id='flight-origin-hp-flight']]
2020-04-29 01:04:342 INFO  FlightsPage :67 - Entering Departure date : 07/08/2020 Departing Date [[ChromeDriver: chrome on WINDOWS (eaf36b6bc3471fc47ad6de90f3b07f54)] -> xpath: //input[@id='flight-departing-hp-flight']]
2020-04-29 01:04:490 INFO  FlightsPage :78 - Entering Returning date : 21/08/2020 Returning Date [[ChromeDriver: chrome on WINDOWS (eaf36b6bc3471fc47ad6de90f3b07f54)] -> xpath: //input[@id='flight-returning-hp-flight']]
2020-04-29 01:04:461 INFO  FlightsPage :85 - Clicking  on Travellers Button : [[ChromeDriver: chrome on WINDOWS (eaf36b6bc3471fc47ad6de90f3b07f54)] -> xpath: //div[@class='menu-bar gcw-travel-selector-wrapper']//button[@class='trigger-utility menu-trigger btn-utility btn-secondary dropdown-toggle theme-standard pin-left menu-arrow gcw-component gcw-traveler-amount-select gcw-component-initialized']]
2020-04-29 01:04:842 INFO  FlightsPage :93 - Clicking  on No of Adults Button  : Proxy element for: DefaultElementLocator 'By.xpath: //body[contains(@class,'')]/meso-native-marquee/section[@id='WizardHero']/div[@id='hero-banner']/div[contains(@class,'hero-banner-gradient native-marquee')]/div[contains(@class,'cols-row hero-banner-inner')]/section[@id='wizardSection']/div[contains(@class,'hero-banner-box siteId-3 cf hideClassicDcol')]/div[@id='wizard-tabs']/div[contains(@class,'tabs-container col')]/section[@id='section-flight-tab-hp']/form[@id='gcw-flights-form-hp-flight']/fieldset[contains(@class,'room-data')]/div[contains(@class,'cols-nested')]/div[contains(@class,'ab25184-traveler-wrapper-flight available-for-flights gcw-clear-both')]/div[@id='traveler-selector-hp-flight']/div[contains(@class,'menu-bar gcw-travel-selector-wrapper')]/ul[contains(@class,'menu-bar-inner')]/li[contains(@class,'open')]/div[contains(@class,'menu sticky gcw-menu')]/div[contains(@class,'menu-main')]/div[contains(@class,'traveler-selector-sinlge-room-data traveler-selector-room-data')]/div[contains(@class,'uitk-grid step-input-outside gcw-component gcw-component-step-input gcw-step-input gcw-component-initialized')]/div[contains(@class,'uitk-col all-col-shrink')]/button[contains(@class,'uitk-step-input-button uitk-step-input-plus')]/span[1]//*[local-name()='svg']'
2020-04-29 01:04:955 INFO  FlightsPage :94 - Clicking  on Close Button  : Proxy element for: DefaultElementLocator 'By.xpath: //li[contains(@class,'open')]//button[contains(@class,'close btn-text')]'
2020-04-29 01:04:739 INFO  FlightsPage :100 - Clicking  on Seacrch Button   : Proxy element for: DefaultElementLocator 'By.xpath: //form[@id='gcw-flights-form-hp-flight']//button[contains(@class,'btn-primary btn-action gcw-submit')]'
2020-04-29 01:04:284 INFO  FlightsResultPage :30 - Verify Destination City Message  : [[ChromeDriver: chrome on WINDOWS (eaf36b6bc3471fc47ad6de90f3b07f54)] -> xpath: //span[@class='title-city-text']]
2020-04-29 01:04:198 INFO  BrowserSelector :36 - Launching Chrome Browser
2020-04-29 01:04:974 INFO  HomePage :40 - Clicking on Accept Tab : [[ChromeDriver: chrome on WINDOWS (90e2832c20b74e1f5468eff4fe2161c5)] -> xpath: //span[@class='button-text']]
2020-04-29 01:04:872 INFO  HomePage :58 - Clicking on Flights Tab : [[ChromeDriver: chrome on WINDOWS (90e2832c20b74e1f5468eff4fe2161c5)] -> xpath: //span[contains(text(),'Flights')]]
2020-04-29 01:04:779 INFO  FlightsPage :54 - Entering Origin City : Delhi On Flying from field [[ChromeDriver: chrome on WINDOWS (90e2832c20b74e1f5468eff4fe2161c5)] -> xpath: //input[@id='flight-origin-hp-flight']]
2020-04-29 01:04:303 INFO  FlightsPage :60 - Entering Destination City : Manchester On Destination field [[ChromeDriver: chrome on WINDOWS (90e2832c20b74e1f5468eff4fe2161c5)] -> xpath: //input[@id='flight-origin-hp-flight']]
2020-04-29 01:04:744 INFO  FlightsPage :67 - Entering Departure date : 15/10/2020 Departing Date [[ChromeDriver: chrome on WINDOWS (90e2832c20b74e1f5468eff4fe2161c5)] -> xpath: //input[@id='flight-departing-hp-flight']]
2020-04-29 01:04:279 INFO  FlightsPage :78 - Entering Returning date : 12/12/2020 Returning Date [[ChromeDriver: chrome on WINDOWS (90e2832c20b74e1f5468eff4fe2161c5)] -> xpath: //input[@id='flight-returning-hp-flight']]
2020-04-29 01:04:629 INFO  FlightsPage :85 - Clicking  on Travellers Button : [[ChromeDriver: chrome on WINDOWS (90e2832c20b74e1f5468eff4fe2161c5)] -> xpath: //div[@class='menu-bar gcw-travel-selector-wrapper']//button[@class='trigger-utility menu-trigger btn-utility btn-secondary dropdown-toggle theme-standard pin-left menu-arrow gcw-component gcw-traveler-amount-select gcw-component-initialized']]
2020-04-29 01:04:251 INFO  FlightsPage :93 - Clicking  on No of Adults Button  : Proxy element for: DefaultElementLocator 'By.xpath: //body[contains(@class,'')]/meso-native-marquee/section[@id='WizardHero']/div[@id='hero-banner']/div[contains(@class,'hero-banner-gradient native-marquee')]/div[contains(@class,'cols-row hero-banner-inner')]/section[@id='wizardSection']/div[contains(@class,'hero-banner-box siteId-3 cf hideClassicDcol')]/div[@id='wizard-tabs']/div[contains(@class,'tabs-container col')]/section[@id='section-flight-tab-hp']/form[@id='gcw-flights-form-hp-flight']/fieldset[contains(@class,'room-data')]/div[contains(@class,'cols-nested')]/div[contains(@class,'ab25184-traveler-wrapper-flight available-for-flights gcw-clear-both')]/div[@id='traveler-selector-hp-flight']/div[contains(@class,'menu-bar gcw-travel-selector-wrapper')]/ul[contains(@class,'menu-bar-inner')]/li[contains(@class,'open')]/div[contains(@class,'menu sticky gcw-menu')]/div[contains(@class,'menu-main')]/div[contains(@class,'traveler-selector-sinlge-room-data traveler-selector-room-data')]/div[contains(@class,'uitk-grid step-input-outside gcw-component gcw-component-step-input gcw-step-input gcw-component-initialized')]/div[contains(@class,'uitk-col all-col-shrink')]/button[contains(@class,'uitk-step-input-button uitk-step-input-plus')]/span[1]//*[local-name()='svg']'
2020-04-29 01:04:286 INFO  FlightsPage :94 - Clicking  on Close Button  : Proxy element for: DefaultElementLocator 'By.xpath: //li[contains(@class,'open')]//button[contains(@class,'close btn-text')]'
2020-04-29 01:04:340 INFO  FlightsPage :100 - Clicking  on Seacrch Button   : Proxy element for: DefaultElementLocator 'By.xpath: //form[@id='gcw-flights-form-hp-flight']//button[contains(@class,'btn-primary btn-action gcw-submit')]'
2020-04-29 01:04:416 INFO  FlightsResultPage :30 - Verify Destination City Message  : [[ChromeDriver: chrome on WINDOWS (90e2832c20b74e1f5468eff4fe2161c5)] -> xpath: //span[@class='title-city-text']]
2020-04-29 01:04:191 INFO  BrowserSelector :36 - Launching Chrome Browser
2020-04-29 01:04:527 INFO  HomePage :40 - Clicking on Accept Tab : [[ChromeDriver: chrome on WINDOWS (4684575a13eccd220c99ee533642a39f)] -> xpath: //span[@class='button-text']]
2020-04-29 01:04:81 INFO  HomePage :58 - Clicking on Flights Tab : [[ChromeDriver: chrome on WINDOWS (4684575a13eccd220c99ee533642a39f)] -> xpath: //span[contains(text(),'Flights')]]
2020-04-29 01:04:772 INFO  FlightsPage :54 - Entering Origin City : New York On Flying from field [[ChromeDriver: chrome on WINDOWS (4684575a13eccd220c99ee533642a39f)] -> xpath: //input[@id='flight-origin-hp-flight']]
2020-04-29 01:04:640 INFO  FlightsPage :60 - Entering Destination City : London On Destination field [[ChromeDriver: chrome on WINDOWS (4684575a13eccd220c99ee533642a39f)] -> xpath: //input[@id='flight-origin-hp-flight']]
2020-04-29 01:04:732 INFO  FlightsPage :67 - Entering Departure date : 20/10/2020 Departing Date [[ChromeDriver: chrome on WINDOWS (4684575a13eccd220c99ee533642a39f)] -> xpath: //input[@id='flight-departing-hp-flight']]
2020-04-29 01:04:712 INFO  FlightsPage :78 - Entering Returning date : 22/11/2020 Returning Date [[ChromeDriver: chrome on WINDOWS (4684575a13eccd220c99ee533642a39f)] -> xpath: //input[@id='flight-returning-hp-flight']]
2020-04-29 01:04:303 INFO  FlightsPage :85 - Clicking  on Travellers Button : [[ChromeDriver: chrome on WINDOWS (4684575a13eccd220c99ee533642a39f)] -> xpath: //div[@class='menu-bar gcw-travel-selector-wrapper']//button[@class='trigger-utility menu-trigger btn-utility btn-secondary dropdown-toggle theme-standard pin-left menu-arrow gcw-component gcw-traveler-amount-select gcw-component-initialized']]
2020-04-29 01:04:961 INFO  FlightsPage :93 - Clicking  on No of Adults Button  : Proxy element for: DefaultElementLocator 'By.xpath: //body[contains(@class,'')]/meso-native-marquee/section[@id='WizardHero']/div[@id='hero-banner']/div[contains(@class,'hero-banner-gradient native-marquee')]/div[contains(@class,'cols-row hero-banner-inner')]/section[@id='wizardSection']/div[contains(@class,'hero-banner-box siteId-3 cf hideClassicDcol')]/div[@id='wizard-tabs']/div[contains(@class,'tabs-container col')]/section[@id='section-flight-tab-hp']/form[@id='gcw-flights-form-hp-flight']/fieldset[contains(@class,'room-data')]/div[contains(@class,'cols-nested')]/div[contains(@class,'ab25184-traveler-wrapper-flight available-for-flights gcw-clear-both')]/div[@id='traveler-selector-hp-flight']/div[contains(@class,'menu-bar gcw-travel-selector-wrapper')]/ul[contains(@class,'menu-bar-inner')]/li[contains(@class,'open')]/div[contains(@class,'menu sticky gcw-menu')]/div[contains(@class,'menu-main')]/div[contains(@class,'traveler-selector-sinlge-room-data traveler-selector-room-data')]/div[contains(@class,'uitk-grid step-input-outside gcw-component gcw-component-step-input gcw-step-input gcw-component-initialized')]/div[contains(@class,'uitk-col all-col-shrink')]/button[contains(@class,'uitk-step-input-button uitk-step-input-plus')]/span[1]//*[local-name()='svg']'
2020-04-29 01:04:74 INFO  FlightsPage :94 - Clicking  on Close Button  : Proxy element for: DefaultElementLocator 'By.xpath: //li[contains(@class,'open')]//button[contains(@class,'close btn-text')]'
2020-04-29 01:04:121 INFO  FlightsPage :100 - Clicking  on Seacrch Button   : Proxy element for: DefaultElementLocator 'By.xpath: //form[@id='gcw-flights-form-hp-flight']//button[contains(@class,'btn-primary btn-action gcw-submit')]'
2020-04-29 01:04:373 INFO  FlightsResultPage :30 - Verify Destination City Message  : [[ChromeDriver: chrome on WINDOWS (4684575a13eccd220c99ee533642a39f)] -> xpath: //span[@class='title-city-text']]
2020-04-29 01:04:399 INFO  BrowserSelector :36 - Launching Chrome Browser
2020-04-29 01:04:32 INFO  HomePage :40 - Clicking on Accept Tab : [[ChromeDriver: chrome on WINDOWS (983dc1d087d399060cb86b6c3a3f6dde)] -> xpath: //span[@class='button-text']]
2020-04-29 01:04:956 INFO  HomePage :58 - Clicking on Flights Tab : [[ChromeDriver: chrome on WINDOWS (983dc1d087d399060cb86b6c3a3f6dde)] -> xpath: //span[contains(text(),'Flights')]]
2020-04-29 01:04:588 INFO  FlightsPage :54 - Entering Origin City : London On Flying from field [[ChromeDriver: chrome on WINDOWS (983dc1d087d399060cb86b6c3a3f6dde)] -> xpath: //input[@id='flight-origin-hp-flight']]
2020-04-29 01:04:854 INFO  FlightsPage :60 - Entering Destination City : Delhi On Destination field [[ChromeDriver: chrome on WINDOWS (983dc1d087d399060cb86b6c3a3f6dde)] -> xpath: //input[@id='flight-origin-hp-flight']]
2020-04-29 01:04:652 INFO  FlightsPage :67 - Entering Departure date : 07/08/2020 Departing Date [[ChromeDriver: chrome on WINDOWS (983dc1d087d399060cb86b6c3a3f6dde)] -> xpath: //input[@id='flight-departing-hp-flight']]
2020-04-29 01:04:953 INFO  FlightsPage :78 - Entering Returning date : 21/08/2020 Returning Date [[ChromeDriver: chrome on WINDOWS (983dc1d087d399060cb86b6c3a3f6dde)] -> xpath: //input[@id='flight-returning-hp-flight']]
2020-04-29 01:04:904 INFO  FlightsPage :85 - Clicking  on Travellers Button : [[ChromeDriver: chrome on WINDOWS (983dc1d087d399060cb86b6c3a3f6dde)] -> xpath: //div[@class='menu-bar gcw-travel-selector-wrapper']//button[@class='trigger-utility menu-trigger btn-utility btn-secondary dropdown-toggle theme-standard pin-left menu-arrow gcw-component gcw-traveler-amount-select gcw-component-initialized']]
2020-04-29 01:04:241 INFO  FlightsPage :93 - Clicking  on No of Adults Button  : Proxy element for: DefaultElementLocator 'By.xpath: //body[contains(@class,'')]/meso-native-marquee/section[@id='WizardHero']/div[@id='hero-banner']/div[contains(@class,'hero-banner-gradient native-marquee')]/div[contains(@class,'cols-row hero-banner-inner')]/section[@id='wizardSection']/div[contains(@class,'hero-banner-box siteId-3 cf hideClassicDcol')]/div[@id='wizard-tabs']/div[contains(@class,'tabs-container col')]/section[@id='section-flight-tab-hp']/form[@id='gcw-flights-form-hp-flight']/fieldset[contains(@class,'room-data')]/div[contains(@class,'cols-nested')]/div[contains(@class,'ab25184-traveler-wrapper-flight available-for-flights gcw-clear-both')]/div[@id='traveler-selector-hp-flight']/div[contains(@class,'menu-bar gcw-travel-selector-wrapper')]/ul[contains(@class,'menu-bar-inner')]/li[contains(@class,'open')]/div[contains(@class,'menu sticky gcw-menu')]/div[contains(@class,'menu-main')]/div[contains(@class,'traveler-selector-sinlge-room-data traveler-selector-room-data')]/div[contains(@class,'uitk-grid step-input-outside gcw-component gcw-component-step-input gcw-step-input gcw-component-initialized')]/div[contains(@class,'uitk-col all-col-shrink')]/button[contains(@class,'uitk-step-input-button uitk-step-input-plus')]/span[1]//*[local-name()='svg']'
2020-04-29 01:04:469 INFO  FlightsPage :94 - Clicking  on Close Button  : Proxy element for: DefaultElementLocator 'By.xpath: //li[contains(@class,'open')]//button[contains(@class,'close btn-text')]'
2020-04-29 01:04:398 INFO  FlightsPage :100 - Clicking  on Seacrch Button   : Proxy element for: DefaultElementLocator 'By.xpath: //form[@id='gcw-flights-form-hp-flight']//button[contains(@class,'btn-primary btn-action gcw-submit')]'
2020-04-29 01:04:683 INFO  FlightsResultPage :30 - Verify Destination City Message  : [[ChromeDriver: chrome on WINDOWS (983dc1d087d399060cb86b6c3a3f6dde)] -> xpath: //span[@class='title-city-text']]
2020-04-29 01:04:952 INFO  BrowserSelector :36 - Launching Chrome Browser
2020-04-29 01:04:919 INFO  HomePage :40 - Clicking on Accept Tab : [[ChromeDriver: chrome on WINDOWS (8c9024e320c01e26bc6ef07f558f985c)] -> xpath: //span[@class='button-text']]
2020-04-29 01:04:438 INFO  HomePage :58 - Clicking on Flights Tab : [[ChromeDriver: chrome on WINDOWS (8c9024e320c01e26bc6ef07f558f985c)] -> xpath: //span[contains(text(),'Flights')]]
2020-04-29 01:04:954 INFO  FlightsPage :54 - Entering Origin City : Delhi On Flying from field [[ChromeDriver: chrome on WINDOWS (8c9024e320c01e26bc6ef07f558f985c)] -> xpath: //input[@id='flight-origin-hp-flight']]
2020-04-29 01:04:670 INFO  FlightsPage :60 - Entering Destination City : Manchester On Destination field [[ChromeDriver: chrome on WINDOWS (8c9024e320c01e26bc6ef07f558f985c)] -> xpath: //input[@id='flight-origin-hp-flight']]
2020-04-29 01:04:368 INFO  FlightsPage :67 - Entering Departure date : 15/10/2020 Departing Date [[ChromeDriver: chrome on WINDOWS (8c9024e320c01e26bc6ef07f558f985c)] -> xpath: //input[@id='flight-departing-hp-flight']]
2020-04-29 01:04:810 INFO  FlightsPage :78 - Entering Returning date : 12/12/2020 Returning Date [[ChromeDriver: chrome on WINDOWS (8c9024e320c01e26bc6ef07f558f985c)] -> xpath: //input[@id='flight-returning-hp-flight']]
2020-04-29 01:04:225 INFO  FlightsPage :85 - Clicking  on Travellers Button : [[ChromeDriver: chrome on WINDOWS (8c9024e320c01e26bc6ef07f558f985c)] -> xpath: //div[@class='menu-bar gcw-travel-selector-wrapper']//button[@class='trigger-utility menu-trigger btn-utility btn-secondary dropdown-toggle theme-standard pin-left menu-arrow gcw-component gcw-traveler-amount-select gcw-component-initialized']]
2020-04-29 01:04:150 INFO  FlightsPage :93 - Clicking  on No of Adults Button  : Proxy element for: DefaultElementLocator 'By.xpath: //body[contains(@class,'')]/meso-native-marquee/section[@id='WizardHero']/div[@id='hero-banner']/div[contains(@class,'hero-banner-gradient native-marquee')]/div[contains(@class,'cols-row hero-banner-inner')]/section[@id='wizardSection']/div[contains(@class,'hero-banner-box siteId-3 cf hideClassicDcol')]/div[@id='wizard-tabs']/div[contains(@class,'tabs-container col')]/section[@id='section-flight-tab-hp']/form[@id='gcw-flights-form-hp-flight']/fieldset[contains(@class,'room-data')]/div[contains(@class,'cols-nested')]/div[contains(@class,'ab25184-traveler-wrapper-flight available-for-flights gcw-clear-both')]/div[@id='traveler-selector-hp-flight']/div[contains(@class,'menu-bar gcw-travel-selector-wrapper')]/ul[contains(@class,'menu-bar-inner')]/li[contains(@class,'open')]/div[contains(@class,'menu sticky gcw-menu')]/div[contains(@class,'menu-main')]/div[contains(@class,'traveler-selector-sinlge-room-data traveler-selector-room-data')]/div[contains(@class,'uitk-grid step-input-outside gcw-component gcw-component-step-input gcw-step-input gcw-component-initialized')]/div[contains(@class,'uitk-col all-col-shrink')]/button[contains(@class,'uitk-step-input-button uitk-step-input-plus')]/span[1]//*[local-name()='svg']'
2020-04-29 01:04:189 INFO  FlightsPage :94 - Clicking  on Close Button  : Proxy element for: DefaultElementLocator 'By.xpath: //li[contains(@class,'open')]//button[contains(@class,'close btn-text')]'
2020-04-29 01:04:264 INFO  FlightsPage :100 - Clicking  on Seacrch Button   : Proxy element for: DefaultElementLocator 'By.xpath: //form[@id='gcw-flights-form-hp-flight']//button[contains(@class,'btn-primary btn-action gcw-submit')]'
2020-04-29 01:04:362 INFO  FlightsResultPage :30 - Verify Destination City Message  : [[ChromeDriver: chrome on WINDOWS (8c9024e320c01e26bc6ef07f558f985c)] -> xpath: //span[@class='title-city-text']]
2020-04-29 01:04:882 INFO  BrowserSelector :36 - Launching Chrome Browser
2020-04-29 01:04:320 INFO  HomePage :40 - Clicking on Accept Tab : [[ChromeDriver: chrome on WINDOWS (08d333d24fe5c26d5e2acc466ab887e6)] -> xpath: //span[@class='button-text']]
2020-04-29 01:04:366 INFO  HomePage :58 - Clicking on Flights Tab : [[ChromeDriver: chrome on WINDOWS (08d333d24fe5c26d5e2acc466ab887e6)] -> xpath: //span[contains(text(),'Flights')]]
2020-04-29 01:04:179 INFO  FlightsPage :54 - Entering Origin City : New York On Flying from field [[ChromeDriver: chrome on WINDOWS (08d333d24fe5c26d5e2acc466ab887e6)] -> xpath: //input[@id='flight-origin-hp-flight']]
2020-04-29 01:04:309 INFO  FlightsPage :60 - Entering Destination City : London On Destination field [[ChromeDriver: chrome on WINDOWS (08d333d24fe5c26d5e2acc466ab887e6)] -> xpath: //input[@id='flight-origin-hp-flight']]
2020-04-29 01:04:44 INFO  FlightsPage :67 - Entering Departure date : 20/10/2020 Departing Date [[ChromeDriver: chrome on WINDOWS (08d333d24fe5c26d5e2acc466ab887e6)] -> xpath: //input[@id='flight-departing-hp-flight']]
2020-04-29 01:04:71 INFO  FlightsPage :78 - Entering Returning date : 22/11/2020 Returning Date [[ChromeDriver: chrome on WINDOWS (08d333d24fe5c26d5e2acc466ab887e6)] -> xpath: //input[@id='flight-returning-hp-flight']]
2020-04-29 01:04:470 INFO  FlightsPage :85 - Clicking  on Travellers Button : [[ChromeDriver: chrome on WINDOWS (08d333d24fe5c26d5e2acc466ab887e6)] -> xpath: //div[@class='menu-bar gcw-travel-selector-wrapper']//button[@class='trigger-utility menu-trigger btn-utility btn-secondary dropdown-toggle theme-standard pin-left menu-arrow gcw-component gcw-traveler-amount-select gcw-component-initialized']]
2020-04-29 01:04:457 INFO  FlightsPage :93 - Clicking  on No of Adults Button  : Proxy element for: DefaultElementLocator 'By.xpath: //body[contains(@class,'')]/meso-native-marquee/section[@id='WizardHero']/div[@id='hero-banner']/div[contains(@class,'hero-banner-gradient native-marquee')]/div[contains(@class,'cols-row hero-banner-inner')]/section[@id='wizardSection']/div[contains(@class,'hero-banner-box siteId-3 cf hideClassicDcol')]/div[@id='wizard-tabs']/div[contains(@class,'tabs-container col')]/section[@id='section-flight-tab-hp']/form[@id='gcw-flights-form-hp-flight']/fieldset[contains(@class,'room-data')]/div[contains(@class,'cols-nested')]/div[contains(@class,'ab25184-traveler-wrapper-flight available-for-flights gcw-clear-both')]/div[@id='traveler-selector-hp-flight']/div[contains(@class,'menu-bar gcw-travel-selector-wrapper')]/ul[contains(@class,'menu-bar-inner')]/li[contains(@class,'open')]/div[contains(@class,'menu sticky gcw-menu')]/div[contains(@class,'menu-main')]/div[contains(@class,'traveler-selector-sinlge-room-data traveler-selector-room-data')]/div[contains(@class,'uitk-grid step-input-outside gcw-component gcw-component-step-input gcw-step-input gcw-component-initialized')]/div[contains(@class,'uitk-col all-col-shrink')]/button[contains(@class,'uitk-step-input-button uitk-step-input-plus')]/span[1]//*[local-name()='svg']'
2020-04-29 01:04:515 INFO  FlightsPage :94 - Clicking  on Close Button  : Proxy element for: DefaultElementLocator 'By.xpath: //li[contains(@class,'open')]//button[contains(@class,'close btn-text')]'
2020-04-29 01:04:331 INFO  FlightsPage :100 - Clicking  on Seacrch Button   : Proxy element for: DefaultElementLocator 'By.xpath: //form[@id='gcw-flights-form-hp-flight']//button[contains(@class,'btn-primary btn-action gcw-submit')]'
2020-04-29 01:04:648 INFO  FlightsResultPage :30 - Verify Destination City Message  : [[ChromeDriver: chrome on WINDOWS (08d333d24fe5c26d5e2acc466ab887e6)] -> xpath: //span[@class='title-city-text']]
2020-04-29 01:04:457 INFO  BrowserSelector :36 - Launching Chrome Browser
2020-04-29 01:04:605 INFO  HomePage :40 - Clicking on Accept Tab : [[ChromeDriver: chrome on WINDOWS (4ce6e420884193058ff705628335ce08)] -> xpath: //span[@class='button-text']]
2020-04-29 01:04:48 INFO  HomePage :58 - Clicking on Flights Tab : [[ChromeDriver: chrome on WINDOWS (4ce6e420884193058ff705628335ce08)] -> xpath: //span[contains(text(),'Flights')]]
2020-04-29 01:04:138 INFO  FlightsPage :54 - Entering Origin City : London On Flying from field [[ChromeDriver: chrome on WINDOWS (4ce6e420884193058ff705628335ce08)] -> xpath: //input[@id='flight-origin-hp-flight']]
2020-04-29 01:04:613 INFO  FlightsPage :60 - Entering Destination City : Delhi On Destination field [[ChromeDriver: chrome on WINDOWS (4ce6e420884193058ff705628335ce08)] -> xpath: //input[@id='flight-origin-hp-flight']]
2020-04-29 01:04:238 INFO  FlightsPage :67 - Entering Departure date : 07/08/2020 Departing Date [[ChromeDriver: chrome on WINDOWS (4ce6e420884193058ff705628335ce08)] -> xpath: //input[@id='flight-departing-hp-flight']]
2020-04-29 01:04:348 INFO  FlightsPage :78 - Entering Returning date : 21/08/2020 Returning Date [[ChromeDriver: chrome on WINDOWS (4ce6e420884193058ff705628335ce08)] -> xpath: //input[@id='flight-returning-hp-flight']]
2020-04-29 01:04:344 INFO  FlightsPage :85 - Clicking  on Travellers Button : [[ChromeDriver: chrome on WINDOWS (4ce6e420884193058ff705628335ce08)] -> xpath: //div[@class='menu-bar gcw-travel-selector-wrapper']//button[@class='trigger-utility menu-trigger btn-utility btn-secondary dropdown-toggle theme-standard pin-left menu-arrow gcw-component gcw-traveler-amount-select gcw-component-initialized']]
2020-04-29 01:04:808 INFO  FlightsPage :93 - Clicking  on No of Adults Button  : Proxy element for: DefaultElementLocator 'By.xpath: //body[contains(@class,'')]/meso-native-marquee/section[@id='WizardHero']/div[@id='hero-banner']/div[contains(@class,'hero-banner-gradient native-marquee')]/div[contains(@class,'cols-row hero-banner-inner')]/section[@id='wizardSection']/div[contains(@class,'hero-banner-box siteId-3 cf hideClassicDcol')]/div[@id='wizard-tabs']/div[contains(@class,'tabs-container col')]/section[@id='section-flight-tab-hp']/form[@id='gcw-flights-form-hp-flight']/fieldset[contains(@class,'room-data')]/div[contains(@class,'cols-nested')]/div[contains(@class,'ab25184-traveler-wrapper-flight available-for-flights gcw-clear-both')]/div[@id='traveler-selector-hp-flight']/div[contains(@class,'menu-bar gcw-travel-selector-wrapper')]/ul[contains(@class,'menu-bar-inner')]/li[contains(@class,'open')]/div[contains(@class,'menu sticky gcw-menu')]/div[contains(@class,'menu-main')]/div[contains(@class,'traveler-selector-sinlge-room-data traveler-selector-room-data')]/div[contains(@class,'uitk-grid step-input-outside gcw-component gcw-component-step-input gcw-step-input gcw-component-initialized')]/div[contains(@class,'uitk-col all-col-shrink')]/button[contains(@class,'uitk-step-input-button uitk-step-input-plus')]/span[1]//*[local-name()='svg']'
2020-04-29 01:04:862 INFO  FlightsPage :94 - Clicking  on Close Button  : Proxy element for: DefaultElementLocator 'By.xpath: //li[contains(@class,'open')]//button[contains(@class,'close btn-text')]'
2020-04-29 01:04:863 INFO  FlightsPage :100 - Clicking  on Seacrch Button   : Proxy element for: DefaultElementLocator 'By.xpath: //form[@id='gcw-flights-form-hp-flight']//button[contains(@class,'btn-primary btn-action gcw-submit')]'
2020-04-29 01:04:47 INFO  FlightsResultPage :30 - Verify Destination City Message  : [[ChromeDriver: chrome on WINDOWS (4ce6e420884193058ff705628335ce08)] -> xpath: //span[@class='title-city-text']]
2020-04-29 01:04:38 INFO  BrowserSelector :36 - Launching Chrome Browser
2020-04-29 01:04:722 INFO  HomePage :40 - Clicking on Accept Tab : [[ChromeDriver: chrome on WINDOWS (3f8ba02fb5764e97763ac4d655a04fa8)] -> xpath: //span[@class='button-text']]
2020-04-29 01:04:73 INFO  HomePage :58 - Clicking on Flights Tab : [[ChromeDriver: chrome on WINDOWS (3f8ba02fb5764e97763ac4d655a04fa8)] -> xpath: //span[contains(text(),'Flights')]]
2020-04-29 01:04:30 INFO  FlightsPage :54 - Entering Origin City : Delhi On Flying from field [[ChromeDriver: chrome on WINDOWS (3f8ba02fb5764e97763ac4d655a04fa8)] -> xpath: //input[@id='flight-origin-hp-flight']]
2020-04-29 01:04:592 INFO  FlightsPage :60 - Entering Destination City : Manchester On Destination field [[ChromeDriver: chrome on WINDOWS (3f8ba02fb5764e97763ac4d655a04fa8)] -> xpath: //input[@id='flight-origin-hp-flight']]
2020-04-29 01:04:94 INFO  FlightsPage :67 - Entering Departure date : 15/10/2020 Departing Date [[ChromeDriver: chrome on WINDOWS (3f8ba02fb5764e97763ac4d655a04fa8)] -> xpath: //input[@id='flight-departing-hp-flight']]
2020-04-29 01:04:647 INFO  FlightsPage :78 - Entering Returning date : 12/12/2020 Returning Date [[ChromeDriver: chrome on WINDOWS (3f8ba02fb5764e97763ac4d655a04fa8)] -> xpath: //input[@id='flight-returning-hp-flight']]
2020-04-29 01:04:105 INFO  FlightsPage :85 - Clicking  on Travellers Button : [[ChromeDriver: chrome on WINDOWS (3f8ba02fb5764e97763ac4d655a04fa8)] -> xpath: //div[@class='menu-bar gcw-travel-selector-wrapper']//button[@class='trigger-utility menu-trigger btn-utility btn-secondary dropdown-toggle theme-standard pin-left menu-arrow gcw-component gcw-traveler-amount-select gcw-component-initialized']]
2020-04-29 01:04:956 INFO  FlightsPage :93 - Clicking  on No of Adults Button  : Proxy element for: DefaultElementLocator 'By.xpath: //body[contains(@class,'')]/meso-native-marquee/section[@id='WizardHero']/div[@id='hero-banner']/div[contains(@class,'hero-banner-gradient native-marquee')]/div[contains(@class,'cols-row hero-banner-inner')]/section[@id='wizardSection']/div[contains(@class,'hero-banner-box siteId-3 cf hideClassicDcol')]/div[@id='wizard-tabs']/div[contains(@class,'tabs-container col')]/section[@id='section-flight-tab-hp']/form[@id='gcw-flights-form-hp-flight']/fieldset[contains(@class,'room-data')]/div[contains(@class,'cols-nested')]/div[contains(@class,'ab25184-traveler-wrapper-flight available-for-flights gcw-clear-both')]/div[@id='traveler-selector-hp-flight']/div[contains(@class,'menu-bar gcw-travel-selector-wrapper')]/ul[contains(@class,'menu-bar-inner')]/li[contains(@class,'open')]/div[contains(@class,'menu sticky gcw-menu')]/div[contains(@class,'menu-main')]/div[contains(@class,'traveler-selector-sinlge-room-data traveler-selector-room-data')]/div[contains(@class,'uitk-grid step-input-outside gcw-component gcw-component-step-input gcw-step-input gcw-component-initialized')]/div[contains(@class,'uitk-col all-col-shrink')]/button[contains(@class,'uitk-step-input-button uitk-step-input-plus')]/span[1]//*[local-name()='svg']'
2020-04-29 01:04:997 INFO  FlightsPage :94 - Clicking  on Close Button  : Proxy element for: DefaultElementLocator 'By.xpath: //li[contains(@class,'open')]//button[contains(@class,'close btn-text')]'
2020-04-29 01:04:877 INFO  FlightsPage :100 - Clicking  on Seacrch Button   : Proxy element for: DefaultElementLocator 'By.xpath: //form[@id='gcw-flights-form-hp-flight']//button[contains(@class,'btn-primary btn-action gcw-submit')]'
2020-04-29 01:04:135 INFO  FlightsResultPage :30 - Verify Destination City Message  : [[ChromeDriver: chrome on WINDOWS (3f8ba02fb5764e97763ac4d655a04fa8)] -> xpath: //span[@class='title-city-text']]
2020-04-29 01:04:26 INFO  BrowserSelector :36 - Launching Chrome Browser
2020-04-29 01:04:359 INFO  HomePage :40 - Clicking on Accept Tab : [[ChromeDriver: chrome on WINDOWS (e898826e40af6e03f7687c7ff79e2b7f)] -> xpath: //span[@class='button-text']]
2020-04-29 01:04:842 INFO  HomePage :58 - Clicking on Flights Tab : [[ChromeDriver: chrome on WINDOWS (e898826e40af6e03f7687c7ff79e2b7f)] -> xpath: //span[contains(text(),'Flights')]]
2020-04-29 01:04:70 INFO  FlightsPage :54 - Entering Origin City : New York On Flying from field [[ChromeDriver: chrome on WINDOWS (e898826e40af6e03f7687c7ff79e2b7f)] -> xpath: //input[@id='flight-origin-hp-flight']]
2020-04-29 01:04:170 INFO  FlightsPage :60 - Entering Destination City : London On Destination field [[ChromeDriver: chrome on WINDOWS (e898826e40af6e03f7687c7ff79e2b7f)] -> xpath: //input[@id='flight-origin-hp-flight']]
2020-04-29 01:04:754 INFO  FlightsPage :67 - Entering Departure date : 20/10/2020 Departing Date [[ChromeDriver: chrome on WINDOWS (e898826e40af6e03f7687c7ff79e2b7f)] -> xpath: //input[@id='flight-departing-hp-flight']]
2020-04-29 01:04:474 INFO  FlightsPage :78 - Entering Returning date : 22/11/2020 Returning Date [[ChromeDriver: chrome on WINDOWS (e898826e40af6e03f7687c7ff79e2b7f)] -> xpath: //input[@id='flight-returning-hp-flight']]
2020-04-29 01:04:941 INFO  FlightsPage :85 - Clicking  on Travellers Button : [[ChromeDriver: chrome on WINDOWS (e898826e40af6e03f7687c7ff79e2b7f)] -> xpath: //div[@class='menu-bar gcw-travel-selector-wrapper']//button[@class='trigger-utility menu-trigger btn-utility btn-secondary dropdown-toggle theme-standard pin-left menu-arrow gcw-component gcw-traveler-amount-select gcw-component-initialized']]
2020-04-29 01:04:939 INFO  FlightsPage :93 - Clicking  on No of Adults Button  : Proxy element for: DefaultElementLocator 'By.xpath: //body[contains(@class,'')]/meso-native-marquee/section[@id='WizardHero']/div[@id='hero-banner']/div[contains(@class,'hero-banner-gradient native-marquee')]/div[contains(@class,'cols-row hero-banner-inner')]/section[@id='wizardSection']/div[contains(@class,'hero-banner-box siteId-3 cf hideClassicDcol')]/div[@id='wizard-tabs']/div[contains(@class,'tabs-container col')]/section[@id='section-flight-tab-hp']/form[@id='gcw-flights-form-hp-flight']/fieldset[contains(@class,'room-data')]/div[contains(@class,'cols-nested')]/div[contains(@class,'ab25184-traveler-wrapper-flight available-for-flights gcw-clear-both')]/div[@id='traveler-selector-hp-flight']/div[contains(@class,'menu-bar gcw-travel-selector-wrapper')]/ul[contains(@class,'menu-bar-inner')]/li[contains(@class,'open')]/div[contains(@class,'menu sticky gcw-menu')]/div[contains(@class,'menu-main')]/div[contains(@class,'traveler-selector-sinlge-room-data traveler-selector-room-data')]/div[contains(@class,'uitk-grid step-input-outside gcw-component gcw-component-step-input gcw-step-input gcw-component-initialized')]/div[contains(@class,'uitk-col all-col-shrink')]/button[contains(@class,'uitk-step-input-button uitk-step-input-plus')]/span[1]//*[local-name()='svg']'
2020-04-29 01:04:21 INFO  FlightsPage :94 - Clicking  on Close Button  : Proxy element for: DefaultElementLocator 'By.xpath: //li[contains(@class,'open')]//button[contains(@class,'close btn-text')]'
2020-04-29 01:04:36 INFO  FlightsPage :100 - Clicking  on Seacrch Button   : Proxy element for: DefaultElementLocator 'By.xpath: //form[@id='gcw-flights-form-hp-flight']//button[contains(@class,'btn-primary btn-action gcw-submit')]'
2020-04-29 01:04:262 INFO  FlightsResultPage :30 - Verify Destination City Message  : [[ChromeDriver: chrome on WINDOWS (e898826e40af6e03f7687c7ff79e2b7f)] -> xpath: //span[@class='title-city-text']]
2020-04-29 01:04:976 INFO  BrowserSelector :36 - Launching Chrome Browser
2020-04-29 01:04:436 INFO  HomePage :40 - Clicking on Accept Tab : [[ChromeDriver: chrome on WINDOWS (b87a1b3a02cdcea7594c97575620bc43)] -> xpath: //span[@class='button-text']]
2020-04-29 01:04:37 INFO  HomePage :58 - Clicking on Flights Tab : [[ChromeDriver: chrome on WINDOWS (b87a1b3a02cdcea7594c97575620bc43)] -> xpath: //span[contains(text(),'Flights')]]
2020-04-29 01:04:99 INFO  FlightsPage :54 - Entering Origin City : Washington On Flying from field [[ChromeDriver: chrome on WINDOWS (b87a1b3a02cdcea7594c97575620bc43)] -> xpath: //input[@id='flight-origin-hp-flight']]
2020-04-29 01:04:39 INFO  FlightsPage :60 - Entering Destination City : Mount Gambier On Destination field [[ChromeDriver: chrome on WINDOWS (b87a1b3a02cdcea7594c97575620bc43)] -> xpath: //input[@id='flight-origin-hp-flight']]
2020-04-29 01:04:132 INFO  FlightsPage :67 - Entering Departure date : 07/08/2020 Departing Date [[ChromeDriver: chrome on WINDOWS (b87a1b3a02cdcea7594c97575620bc43)] -> xpath: //input[@id='flight-departing-hp-flight']]
2020-04-29 01:04:449 INFO  FlightsPage :78 - Entering Returning date : 21/08/2020 Returning Date [[ChromeDriver: chrome on WINDOWS (b87a1b3a02cdcea7594c97575620bc43)] -> xpath: //input[@id='flight-returning-hp-flight']]
2020-04-29 01:04:18 INFO  FlightsPage :85 - Clicking  on Travellers Button : [[ChromeDriver: chrome on WINDOWS (b87a1b3a02cdcea7594c97575620bc43)] -> xpath: //div[@class='menu-bar gcw-travel-selector-wrapper']//button[@class='trigger-utility menu-trigger btn-utility btn-secondary dropdown-toggle theme-standard pin-left menu-arrow gcw-component gcw-traveler-amount-select gcw-component-initialized']]
2020-04-29 01:04:232 INFO  FlightsPage :93 - Clicking  on No of Adults Button  : Proxy element for: DefaultElementLocator 'By.xpath: //body[contains(@class,'')]/meso-native-marquee/section[@id='WizardHero']/div[@id='hero-banner']/div[contains(@class,'hero-banner-gradient native-marquee')]/div[contains(@class,'cols-row hero-banner-inner')]/section[@id='wizardSection']/div[contains(@class,'hero-banner-box siteId-3 cf hideClassicDcol')]/div[@id='wizard-tabs']/div[contains(@class,'tabs-container col')]/section[@id='section-flight-tab-hp']/form[@id='gcw-flights-form-hp-flight']/fieldset[contains(@class,'room-data')]/div[contains(@class,'cols-nested')]/div[contains(@class,'ab25184-traveler-wrapper-flight available-for-flights gcw-clear-both')]/div[@id='traveler-selector-hp-flight']/div[contains(@class,'menu-bar gcw-travel-selector-wrapper')]/ul[contains(@class,'menu-bar-inner')]/li[contains(@class,'open')]/div[contains(@class,'menu sticky gcw-menu')]/div[contains(@class,'menu-main')]/div[contains(@class,'traveler-selector-sinlge-room-data traveler-selector-room-data')]/div[contains(@class,'uitk-grid step-input-outside gcw-component gcw-component-step-input gcw-step-input gcw-component-initialized')]/div[contains(@class,'uitk-col all-col-shrink')]/button[contains(@class,'uitk-step-input-button uitk-step-input-plus')]/span[1]//*[local-name()='svg']'
2020-04-29 01:04:279 INFO  FlightsPage :94 - Clicking  on Close Button  : Proxy element for: DefaultElementLocator 'By.xpath: //li[contains(@class,'open')]//button[contains(@class,'close btn-text')]'
2020-04-29 01:04:481 INFO  FlightsPage :100 - Clicking  on Seacrch Button   : Proxy element for: DefaultElementLocator 'By.xpath: //form[@id='gcw-flights-form-hp-flight']//button[contains(@class,'btn-primary btn-action gcw-submit')]'
2020-04-29 01:04:575 INFO  FlightsResultPage :37 - Verify Error Message  : [[ChromeDriver: chrome on WINDOWS (b87a1b3a02cdcea7594c97575620bc43)] -> xpath: //div[@class='bold announce-able']]
2020-04-29 01:04:660 INFO  BrowserSelector :36 - Launching Chrome Browser
2020-04-29 02:04:31 INFO  HomePage :40 - Clicking on Accept Tab : [[ChromeDriver: chrome on WINDOWS (7de4110d70823c83b677e40a85085600)] -> xpath: //span[@class='button-text']]
2020-04-29 02:04:457 INFO  HomePage :46 - Clicking on Account Tab : [[ChromeDriver: chrome on WINDOWS (7de4110d70823c83b677e40a85085600)] -> xpath: //button[@id='header-account-menu']]
2020-04-29 02:04:563 INFO  HomePage :52 - Clicking on Sign In Tab : [[ChromeDriver: chrome on WINDOWS (7de4110d70823c83b677e40a85085600)] -> xpath: //button[@id='header-account-signin-button']]
2020-04-29 02:04:656 INFO  SignInPage :45 - Entering Email Id : JamesB1234@gmail.com [[ChromeDriver: chrome on WINDOWS (7de4110d70823c83b677e40a85085600)] -> id: gss-signin-email]
2020-04-29 02:04:936 INFO  SignInPage :52 - Entering Password  : James123 [[ChromeDriver: chrome on WINDOWS (7de4110d70823c83b677e40a85085600)] -> id: gss-signin-password]
2020-04-29 02:04:417 INFO  SignInPage :58 - Clicking on Sign In Button  : [[ChromeDriver: chrome on WINDOWS (7de4110d70823c83b677e40a85085600)] -> id: gss-signin-submit]
2020-04-29 02:04:718 INFO  SignInPage :63 - Verify My List Tab Message  : My Lists [[ChromeDriver: chrome on WINDOWS (7de4110d70823c83b677e40a85085600)] -> xpath: //span[@class='sp-name']]
2020-04-29 02:04:699 INFO  BrowserSelector :36 - Launching Chrome Browser
2020-04-29 02:04:319 INFO  HomePage :40 - Clicking on Accept Tab : [[ChromeDriver: chrome on WINDOWS (cd8c114f6de768a82147f2d97c82ec55)] -> xpath: //span[@class='button-text']]
2020-04-29 02:04:824 INFO  HomePage :46 - Clicking on Account Tab : [[ChromeDriver: chrome on WINDOWS (cd8c114f6de768a82147f2d97c82ec55)] -> xpath: //button[@id='header-account-menu']]
2020-04-29 02:04:836 INFO  HomePage :52 - Clicking on Sign In Tab : [[ChromeDriver: chrome on WINDOWS (cd8c114f6de768a82147f2d97c82ec55)] -> xpath: //button[@id='header-account-signin-button']]
2020-04-29 02:04:57 INFO  SignInPage :45 - Entering Email Id : RogerB1234@gmail.com [[ChromeDriver: chrome on WINDOWS (cd8c114f6de768a82147f2d97c82ec55)] -> id: gss-signin-email]
2020-04-29 02:04:839 INFO  SignInPage :52 - Entering Password  : Roger123 [[ChromeDriver: chrome on WINDOWS (cd8c114f6de768a82147f2d97c82ec55)] -> id: gss-signin-password]
2020-04-29 02:04:165 INFO  SignInPage :58 - Clicking on Sign In Button  : [[ChromeDriver: chrome on WINDOWS (cd8c114f6de768a82147f2d97c82ec55)] -> id: gss-signin-submit]
2020-04-29 02:04:493 INFO  SignInPage :78 - Verify Error Message  : You may have entered an unknown email address or an incorrect password [[ChromeDriver: chrome on WINDOWS (cd8c114f6de768a82147f2d97c82ec55)] -> id: gss-signin-incorrect-email-or-password]
